29.11.2019 21:02:52 : Процедура получения списка пользователей => Старт 
29.11.2019 21:23:26 : Процедура получения списка пользователей => Старт 
29.11.2019 21:24:27 : Процедура получения списка пользователей => Старт 
29.11.2019 21:26:36 : Процедура получения списка пользователей => Старт 
29.11.2019 21:26:48 : Инциализация процедуры выхода из программы
29.11.2019 21:26:48 : Процедура выхода из программы успешно завершена
29.11.2019 21:27:29 : Логин qq не существует
29.11.2019 21:27:29 : Введен енправильный логин или пароль
29.11.2019 21:27:31 : Логин qq не существует
29.11.2019 21:27:31 : Введен енправильный логин или пароль
29.11.2019 21:27:32 : Инициализаия процедуры регистарции пользователя
29.11.2019 21:27:38 : Пользователь успешно зарегистрирован
29.11.2019 21:27:38 : Хеш-последовательность успешно получена
29.11.2019 21:27:38 : Директория пользователя  создана
29.11.2019 21:27:38 : Пользователь успешно зарегистрирован
29.11.2019 21:27:56 : Логин qq успешно найден
29.11.2019 21:27:56 : Хеш-последовательность успешно получена
29.11.2019 21:27:56 : Пользователь qq успешно авторизовался
29.11.2019 21:27:56 : Процедура получения позиций пользователя => Старт 
29.11.2019 21:27:56 : Конвертация позиций => Успешно 
29.11.2019 21:27:56 : Визуализация позиций => Успешно 
29.11.2019 21:27:57 : Инициализация процедуры добавления позиции
29.11.2019 21:28:00 : Ключ успешно получен
29.11.2019 21:28:00 : Шифрование пароля завершено успешно
29.11.2019 21:28:00 : Позиция пользователя успешно сохранена
29.11.2019 21:28:00 : Добавление позиции завершено успешно
29.11.2019 21:28:56 : Инициализация процедуры добавления позиции
29.11.2019 21:28:58 : Ключ успешно получен
29.11.2019 21:28:58 : Шифрование пароля завершено успешно
29.11.2019 21:28:58 : Позиция пользователя успешно сохранена
29.11.2019 21:28:58 : Добавление позиции завершено успешно
29.11.2019 21:28:59 : Инициализация процедуры добавления позиции
29.11.2019 21:29:02 : Ключ успешно получен
29.11.2019 21:29:02 : Шифрование пароля завершено успешно
29.11.2019 21:29:02 : Позиция пользователя успешно сохранена
29.11.2019 21:29:02 : Добавление позиции завершено успешно
29.11.2019 21:29:07 : Удачное завершение поиска поиска. Результатов 3
29.11.2019 21:29:10 : Удачное завершение поиска поиска. Результатов 3
29.11.2019 21:29:14 : Удачное завершение поиска поиска. Результатов 3
29.11.2019 21:29:15 : Инициализация процедуры добавления позиции
29.11.2019 21:29:18 : Ключ успешно получен
29.11.2019 21:29:18 : Шифрование пароля завершено успешно
29.11.2019 21:29:18 : Позиция пользователя успешно сохранена
29.11.2019 21:29:19 : Добавление позиции завершено успешно
29.11.2019 21:29:23 : Удачное завершение поиска поиска. Результатов 1
29.11.2019 21:29:30 : Удачное завершение поиска поиска. Результатов 1
29.11.2019 21:29:38 : Просмотр информации о программе
29.11.2019 21:29:41 : Просмотр информации о пользователе
29.11.2019 21:29:47 : Инциализация процедуры выхода из программы
29.11.2019 21:29:48 : Процедура выхода из программы отменена
29.11.2019 21:29:48 : Инциализация процедуры смены пользователя
29.11.2019 21:29:49 : Процедура смены пользователя успешно завершена
29.11.2019 21:29:51 : Инициализаия процедуры регистарции пользователя
29.11.2019 21:29:54 : Пользователь успешно зарегистрирован
29.11.2019 21:29:54 : Хеш-последовательность успешно получена
29.11.2019 21:29:54 : Директория пользователя InfoAboutPass.User создана
29.11.2019 21:29:54 : Пользователь успешно зарегистрирован
29.11.2019 21:29:56 : Логин ww успешно найден
29.11.2019 21:29:56 : Хеш-последовательность успешно получена
29.11.2019 21:29:56 : Пользователь ww успешно авторизовался
29.11.2019 21:29:56 : Процедура получения позиций пользователя => Старт 
29.11.2019 21:29:56 : Конвертация позиций => Успешно 
29.11.2019 21:29:56 : Визуализация позиций => Успешно 
29.11.2019 21:29:58 : Просмотр информации о пользователе
29.11.2019 21:31:04 : Инициализация процедуры добавления позиции
29.11.2019 21:31:06 : Ключ успешно получен
29.11.2019 21:31:06 : Шифрование пароля завершено успешно
29.11.2019 21:31:06 : Позиция пользователя успешно сохранена
29.11.2019 21:31:06 : Добавление позиции завершено успешно
29.11.2019 21:32:28 : Процедура получения списка пользователей => Старт 
29.11.2019 21:32:48 : Инциализация процедуры выхода из программы
29.11.2019 21:32:49 : Процедура выхода из программы успешно завершена
29.11.2019 21:34:17 : Процедура получения списка пользователей => Старт 
29.11.2019 21:35:29 : Удачное завершение поиска поиска. Результатов 1
29.11.2019 21:35:55 : Хеш-последовательность успешно получена
29.11.2019 21:35:55 : Процедура модификации пользователя => Старт
29.11.2019 21:35:55 : Директория пользователя qqdfsdsfgdfgsdfg создана
29.11.2019 21:35:56 : Пользователь успешно зарегистрирован
29.11.2019 21:36:53 : Инциализация процедуры выхода из программы
29.11.2019 21:36:54 : Процедура выхода из программы успешно завершена
29.11.2019 21:36:55 : Инциализация процедуры выхода из программы
29.11.2019 21:36:55 : Процедура выхода из программы успешно завершена
29.11.2019 21:37:22 : Логин qq не существует
29.11.2019 21:37:22 : Введен енправильный логин или пароль
29.11.2019 21:37:24 : Логин qq не существует
29.11.2019 21:37:24 : Введен енправильный логин или пароль
29.11.2019 21:37:26 : Логин ww успешно найден
29.11.2019 21:37:26 : Хеш-последовательность успешно получена
29.11.2019 21:37:26 : Пользователь ww успешно авторизовался
29.11.2019 21:37:26 : Процедура получения позиций пользователя => Старт 
29.11.2019 21:37:26 : Дешифрование пароля завершено успешно
29.11.2019 21:37:26 : Конвертация позиций => Успешно 
29.11.2019 21:37:26 : Визуализация позиций => Успешно 
29.11.2019 21:37:43 : Просмотр информации о программе
29.11.2019 21:38:17 : Просмотр информации о программе
29.11.2019 21:38:22 : Просмотр информации о пользователе
29.11.2019 21:39:25 : Инциализация процедуры смены пользователя
29.11.2019 21:39:25 : Процедура смены пользователя успешно завершена
29.11.2019 21:39:27 : Логин ww успешно найден
29.11.2019 21:39:27 : Хеш-последовательность успешно получена
29.11.2019 21:39:27 : Пользователь ww успешно авторизовался
29.11.2019 21:39:27 : Процедура получения позиций пользователя => Старт 
29.11.2019 21:39:56 : Инциализация процедуры выхода из программы
29.11.2019 21:39:57 : Процедура выхода из программы успешно завершена
29.11.2019 21:45:39 : Логин ww успешно найден
29.11.2019 21:45:39 : Хеш-последовательность успешно получена
29.11.2019 21:45:39 : Пользователь ww успешно авторизовался
29.11.2019 21:45:39 : Процедура получения позиций пользователя => Старт 
29.11.2019 21:45:39 : Ошибка при получени данных
29.11.2019 21:45:50 : Инциализация процедуры выхода из программы
29.11.2019 21:45:51 : Процедура выхода из программы успешно завершена
29.11.2019 21:45:58 : Логин ww успешно найден
29.11.2019 21:45:58 : Хеш-последовательность успешно получена
29.11.2019 21:45:58 : Пользователь ww успешно авторизовался
29.11.2019 21:45:58 : Процедура получения позиций пользователя => Старт 
29.11.2019 21:46:01 : Ошибка при получени данных
29.11.2019 21:46:08 : Инциализация процедуры выхода из программы
29.11.2019 21:46:08 : Процедура выхода из программы успешно завершена
29.11.2019 21:47:39 : Логин ww успешно найден
29.11.2019 21:47:39 : Хеш-последовательность успешно получена
29.11.2019 21:47:39 : Пользователь ww успешно авторизовался
29.11.2019 21:47:39 : Процедура получения позиций пользователя => Старт 
29.11.2019 21:47:40 : Ошибка при получени данных
29.11.2019 21:47:40 : Конвертация позиций => Успешно 
29.11.2019 21:48:40 : Логин ww успешно найден
29.11.2019 21:48:40 : Хеш-последовательность успешно получена
29.11.2019 21:48:40 : Пользователь ww успешно авторизовался
29.11.2019 21:48:40 : Процедура получения позиций пользователя => Старт 
29.11.2019 21:48:41 : Ошибка при получени данных
29.11.2019 21:48:41 : Конвертация позиций => Успешно 
29.11.2019 21:49:47 : Логин ww успешно найден
29.11.2019 21:49:47 : Хеш-последовательность успешно получена
29.11.2019 21:49:47 : Пользователь ww успешно авторизовался
29.11.2019 21:49:52 : Процедура получения позиций пользователя => Старт 
29.11.2019 21:50:34 : Ошибка при получени данных
29.11.2019 21:51:37 : Логин ww успешно найден
29.11.2019 21:51:37 : Хеш-последовательность успешно получена
29.11.2019 21:51:37 : Пользователь ww успешно авторизовался
29.11.2019 21:51:37 : Процедура получения позиций пользователя => Старт 
29.11.2019 21:51:38 : Ошибка при получени данных
29.11.2019 21:51:39 : Конвертация позиций => Успешно 
29.11.2019 21:51:55 : Логин ww успешно найден
29.11.2019 21:51:55 : Хеш-последовательность успешно получена
29.11.2019 21:51:55 : Пользователь ww успешно авторизовался
29.11.2019 21:51:55 : Процедура получения позиций пользователя => Старт 
29.11.2019 21:51:56 : Ошибка при получени данных
29.11.2019 21:52:54 : Логин ww успешно найден
29.11.2019 21:52:54 : Хеш-последовательность успешно получена
29.11.2019 21:52:54 : Пользователь ww успешно авторизовался
29.11.2019 21:52:54 : Процедура получения позиций пользователя => Старт 
29.11.2019 21:52:55 : Ошибка при получени данных
29.11.2019 21:52:56 : Конвертация позиций => Успешно 
29.11.2019 21:53:47 : Логин ww успешно найден
29.11.2019 21:53:47 : Хеш-последовательность успешно получена
29.11.2019 21:53:47 : Пользователь ww успешно авторизовался
29.11.2019 21:53:47 : Процедура получения позиций пользователя => Старт 
29.11.2019 21:53:48 : Ошибка при получени данных
29.11.2019 21:53:49 : Конвертация позиций => Успешно 
29.11.2019 21:53:49 : Визуализация позиций => Успешно 
29.11.2019 21:54:08 : Логин ww успешно найден
29.11.2019 21:54:08 : Хеш-последовательность успешно получена
29.11.2019 21:54:08 : Пользователь ww успешно авторизовался
29.11.2019 21:54:08 : Процедура получения позиций пользователя => Старт 
29.11.2019 21:54:09 : Ошибка при получени данных
29.11.2019 21:54:09 : Конвертация позиций => Успешно 
29.11.2019 21:54:10 : Визуализация позиций => Успешно 
29.11.2019 21:54:19 : Логин ww успешно найден
29.11.2019 21:54:19 : Хеш-последовательность успешно получена
29.11.2019 21:54:19 : Пользователь ww успешно авторизовался
29.11.2019 21:54:19 : Процедура получения позиций пользователя => Старт 
29.11.2019 21:54:22 : Ошибка при получени данных
29.11.2019 21:54:22 : Конвертация позиций => Успешно 
29.11.2019 21:54:22 : Визуализация позиций => Успешно 
29.11.2019 21:57:47 : Логин ww успешно найден
29.11.2019 21:57:47 : Хеш-последовательность успешно получена
29.11.2019 21:57:47 : Пользователь ww успешно авторизовался
29.11.2019 21:57:47 : Процедура получения позиций пользователя => Старт 
29.11.2019 21:57:48 : Ошибка при получени данных
29.11.2019 21:57:48 : Конвертация позиций => Успешно 
29.11.2019 21:57:48 : Визуализация позиций => Успешно 
29.11.2019 21:58:20 : Логин ww успешно найден
29.11.2019 21:58:20 : Хеш-последовательность успешно получена
29.11.2019 21:58:20 : Пользователь ww успешно авторизовался
29.11.2019 21:58:20 : Процедура получения позиций пользователя => Старт 
29.11.2019 21:58:21 : Ошибка при получени данных
29.11.2019 21:58:21 : Конвертация позиций => Успешно 
29.11.2019 21:58:21 : Визуализация позиций => Успешно 
29.11.2019 21:59:26 : Логин ww успешно найден
29.11.2019 21:59:26 : Хеш-последовательность успешно получена
29.11.2019 21:59:26 : Пользователь ww успешно авторизовался
29.11.2019 21:59:26 : Процедура получения позиций пользователя => Старт 
29.11.2019 21:59:27 : Ошибка при получени данных
29.11.2019 21:59:27 : Конвертация позиций => Успешно 
29.11.2019 21:59:28 : Визуализация позиций => Успешно 
29.11.2019 22:00:42 : Выход из приложения
29.11.2019 22:00:50 : Инициализаия процедуры регистарции пользователя
29.11.2019 22:00:54 : Пользователь успешно зарегистрирован
29.11.2019 22:00:54 : Хеш-последовательность успешно получена
29.11.2019 22:00:54 : Директория пользователя  создана
29.11.2019 22:00:55 : Пользователь успешно зарегистрирован
29.11.2019 22:00:57 : Логин qwer успешно найден
29.11.2019 22:00:57 : Хеш-последовательность успешно получена
29.11.2019 22:00:57 : Пользователь qwer успешно авторизовался
29.11.2019 22:00:57 : Процедура получения позиций пользователя => Старт 
29.11.2019 22:00:57 : Конвертация позиций => Успешно 
29.11.2019 22:00:57 : Визуализация позиций => Успешно 
29.11.2019 22:00:58 : Инициализация процедуры добавления позиции
29.11.2019 22:01:00 : Ключ успешно получен
29.11.2019 22:01:00 : Шифрование пароля завершено успешно
29.11.2019 22:01:00 : Позиция пользователя успешно сохранена
29.11.2019 22:01:01 : Добавление позиции завершено успешно
29.11.2019 22:01:02 : Инициализация процедуры добавления позиции
29.11.2019 22:01:04 : Ключ успешно получен
29.11.2019 22:01:04 : Шифрование пароля завершено успешно
29.11.2019 22:01:04 : Позиция пользователя успешно сохранена
29.11.2019 22:01:05 : Добавление позиции завершено успешно
29.11.2019 22:01:06 : Инициализация процедуры добавления позиции
29.11.2019 22:01:07 : Ключ успешно получен
29.11.2019 22:01:07 : Шифрование пароля завершено успешно
29.11.2019 22:01:07 : Позиция пользователя успешно сохранена
29.11.2019 22:01:08 : Добавление позиции завершено успешно
29.11.2019 22:01:11 : Сортировака по логину выполнена
29.11.2019 22:01:12 : Инциализация процедуры смены пользователя
29.11.2019 22:01:12 : Процедура смены пользователя успешно завершена
29.11.2019 22:01:14 : Логин qwer успешно найден
29.11.2019 22:01:14 : Хеш-последовательность успешно получена
29.11.2019 22:01:14 : Пользователь qwer успешно авторизовался
29.11.2019 22:01:14 : Процедура получения позиций пользователя => Старт 
29.11.2019 22:01:14 : Дешифрование пароля завершено успешно
29.11.2019 22:01:14 : Дешифрование пароля завершено успешно
29.11.2019 22:01:14 : Дешифрование пароля завершено успешно
29.11.2019 22:01:14 : Конвертация позиций => Успешно 
29.11.2019 22:01:14 : Визуализация позиций => Успешно 
29.11.2019 22:01:16 : Инциализация процедуры выхода из программы
29.11.2019 22:01:18 : Процедура выхода из программы успешно завершена
29.11.2019 22:02:00 : Логин qwer успешно найден
29.11.2019 22:02:00 : Хеш-последовательность успешно получена
29.11.2019 22:02:00 : Пользователь qwer успешно авторизовался
29.11.2019 22:02:00 : Процедура получения позиций пользователя => Старт 
29.11.2019 22:02:00 : Дешифрование пароля завершено успешно
29.11.2019 22:02:00 : Дешифрование пароля завершено успешно
29.11.2019 22:02:00 : Дешифрование пароля завершено успешно
29.11.2019 22:02:00 : Дешифрование пароля завершено успешно
29.11.2019 22:02:00 : Дешифрование пароля завершено успешно
29.11.2019 22:02:00 : Дешифрование пароля завершено успешно
29.11.2019 22:02:00 : Дешифрование пароля завершено успешно
29.11.2019 22:02:00 : Дешифрование пароля завершено успешно
29.11.2019 22:02:00 : Дешифрование пароля завершено успешно
29.11.2019 22:02:00 : Конвертация позиций => Успешно 
29.11.2019 22:02:00 : Визуализация позиций => Успешно 
29.11.2019 22:02:07 : Инциализация процедуры выхода из программы
29.11.2019 22:02:08 : Процедура выхода из программы успешно завершена
