24.11.2019 0:40:08 : Инициализаия процедуры регистарции пользователя
24.11.2019 0:40:12 : Хеш-последовательность успешно получена
24.11.2019 0:40:12 : Директория пользователя  создана
24.11.2019 0:40:12 : Пользователь успешно зарегистрирован
24.11.2019 0:40:13 : Пользователь успешно зарегистрирован
24.11.2019 0:40:15 : Логин qq успешно найден
24.11.2019 0:40:15 : Хеш-последовательность успешно получена
24.11.2019 0:40:16 : Пользователь qq успешно авторизовался
24.11.2019 0:40:16 : Процедура получения позиций пользователя => Старт 
24.11.2019 0:40:16 : Конвертация позиций => Успешно 
24.11.2019 0:40:16 : Визуализация позиций => Успешно 
24.11.2019 0:40:22 : Инициализация процедуры добавления позиции
24.11.2019 0:40:26 : Ключ успешно получен
24.11.2019 0:40:26 : Шифрование пароля завершено успешно
24.11.2019 0:40:26 : Позиция пользователя успешно сохранена
24.11.2019 0:40:27 : Добавление позиции завершено успешно
24.11.2019 0:40:27 : Инициализация процедуры добавления позиции
24.11.2019 0:40:30 : Ключ успешно получен
24.11.2019 0:40:30 : Шифрование пароля завершено успешно
24.11.2019 0:40:30 : Позиция пользователя успешно сохранена
24.11.2019 0:40:30 : Добавление позиции завершено успешно
24.11.2019 0:40:31 : Инициализация процедуры добавления позиции
24.11.2019 0:40:33 : Ключ успешно получен
24.11.2019 0:40:33 : Шифрование пароля завершено успешно
24.11.2019 0:40:33 : Позиция пользователя успешно сохранена
24.11.2019 0:40:34 : Добавление позиции завершено успешно
24.11.2019 0:40:34 : Инициализация процедуры добавления позиции
24.11.2019 0:40:36 : Ключ успешно получен
24.11.2019 0:40:36 : Шифрование пароля завершено успешно
24.11.2019 0:40:36 : Позиция пользователя успешно сохранена
24.11.2019 0:40:37 : Добавление позиции завершено успешно
24.11.2019 0:40:37 : Инициализация процедуры добавления позиции
24.11.2019 0:40:40 : Ключ успешно получен
24.11.2019 0:40:40 : Шифрование пароля завершено успешно
24.11.2019 0:40:40 : Позиция пользователя успешно сохранена
24.11.2019 0:40:40 : Добавление позиции завершено успешно
24.11.2019 0:41:21 : Логин qq успешно найден
24.11.2019 0:41:21 : Хеш-последовательность успешно получена
24.11.2019 0:41:21 : Пользователь qq успешно авторизовался
24.11.2019 0:41:21 : Процедура получения позиций пользователя => Старт 
24.11.2019 0:41:21 : Дешифрование пароля завершено успешно
24.11.2019 0:41:21 : Дешифрование пароля завершено успешно
24.11.2019 0:41:21 : Дешифрование пароля завершено успешно
24.11.2019 0:41:21 : Дешифрование пароля завершено успешно
24.11.2019 0:41:21 : Дешифрование пароля завершено успешно
24.11.2019 0:41:21 : Конвертация позиций => Успешно 
24.11.2019 0:41:21 : Визуализация позиций => Успешно 
24.11.2019 0:41:23 : Удачное завершение поиска поиска. Результатов 1
24.11.2019 0:41:34 : Удачное завершение поиска поиска. Результатов 5
24.11.2019 0:41:57 : Удачное завершение поиска поиска. Результатов 1
24.11.2019 0:42:01 : Удачное завершение поиска поиска. Результатов 1
24.11.2019 0:42:04 : Инициализация процедуры изменения позиции
24.11.2019 0:42:33 : Процедура изменении позиции отменена
24.11.2019 0:43:23 : Логин qq успешно найден
24.11.2019 0:43:23 : Хеш-последовательность успешно получена
24.11.2019 0:43:23 : Пользователь qq успешно авторизовался
24.11.2019 0:43:23 : Процедура получения позиций пользователя => Старт 
24.11.2019 0:43:23 : Дешифрование пароля завершено успешно
24.11.2019 0:43:23 : Дешифрование пароля завершено успешно
24.11.2019 0:43:23 : Дешифрование пароля завершено успешно
24.11.2019 0:43:23 : Дешифрование пароля завершено успешно
24.11.2019 0:43:23 : Дешифрование пароля завершено успешно
24.11.2019 0:43:23 : Конвертация позиций => Успешно 
24.11.2019 0:43:23 : Визуализация позиций => Успешно 
24.11.2019 0:43:25 : Удачное завершение поиска поиска. Результатов 5
24.11.2019 0:43:26 : Удачное завершение поиска поиска. Результатов 5
24.11.2019 0:43:28 : Удачное завершение поиска поиска. Результатов 5
24.11.2019 0:43:29 : Удачное завершение поиска поиска. Результатов 1
24.11.2019 0:43:55 : Выход из приложения
24.11.2019 0:48:15 : Логин 0000 не существует
24.11.2019 0:48:16 : Введен енправильный логин или пароль
24.11.2019 0:48:24 : Логин qq успешно найден
24.11.2019 0:48:24 : Хеш-последовательность успешно получена
24.11.2019 0:48:24 : Пользователь qq успешно авторизовался
24.11.2019 0:48:24 : Процедура получения позиций пользователя => Старт 
24.11.2019 0:48:24 : Дешифрование пароля завершено успешно
24.11.2019 0:48:24 : Дешифрование пароля завершено успешно
24.11.2019 0:48:24 : Дешифрование пароля завершено успешно
24.11.2019 0:48:24 : Дешифрование пароля завершено успешно
24.11.2019 0:48:24 : Дешифрование пароля завершено успешно
24.11.2019 0:48:24 : Конвертация позиций => Успешно 
24.11.2019 0:48:24 : Визуализация позиций => Успешно 
24.11.2019 0:49:15 : Инициализация процедуры добавления позиции
24.11.2019 0:49:18 : Ключ успешно получен
24.11.2019 0:49:18 : Шифрование пароля завершено успешно
24.11.2019 0:49:18 : Позиция пользователя успешно сохранена
24.11.2019 0:49:19 : Добавление позиции завершено успешно
24.11.2019 0:49:20 : Удачное завершение поиска поиска. Результатов 1
24.11.2019 0:49:26 : Удачное завершение поиска поиска. Результатов 6
24.11.2019 0:49:31 : Удачное завершение поиска поиска. Результатов 1
24.11.2019 0:53:26 : Логин qq успешно найден
24.11.2019 0:53:26 : Хеш-последовательность успешно получена
24.11.2019 0:53:26 : Пользователь qq успешно авторизовался
24.11.2019 0:53:26 : Процедура получения позиций пользователя => Старт 
24.11.2019 0:53:26 : Дешифрование пароля завершено успешно
24.11.2019 0:53:26 : Дешифрование пароля завершено успешно
24.11.2019 0:53:26 : Дешифрование пароля завершено успешно
24.11.2019 0:53:26 : Дешифрование пароля завершено успешно
24.11.2019 0:53:26 : Дешифрование пароля завершено успешно
24.11.2019 0:53:26 : Дешифрование пароля завершено успешно
24.11.2019 0:53:26 : Конвертация позиций => Успешно 
24.11.2019 0:53:26 : Визуализация позиций => Успешно 
24.11.2019 0:53:28 : Сортировака по дате выполнена
24.11.2019 0:53:28 : Сортировака по логину выполнена
24.11.2019 0:53:29 : Сортировака по дате выполнена
24.11.2019 0:55:28 : Логин qq успешно найден
24.11.2019 0:55:28 : Хеш-последовательность успешно получена
24.11.2019 0:55:28 : Пользователь qq успешно авторизовался
24.11.2019 0:55:28 : Процедура получения позиций пользователя => Старт 
24.11.2019 0:55:28 : Дешифрование пароля завершено успешно
24.11.2019 0:55:28 : Дешифрование пароля завершено успешно
24.11.2019 0:55:28 : Дешифрование пароля завершено успешно
24.11.2019 0:55:29 : Дешифрование пароля завершено успешно
24.11.2019 0:55:29 : Дешифрование пароля завершено успешно
24.11.2019 0:55:29 : Дешифрование пароля завершено успешно
24.11.2019 0:55:29 : Конвертация позиций => Успешно 
24.11.2019 0:55:29 : Визуализация позиций => Успешно 
24.11.2019 0:55:30 : Сортировака по дате выполнена
24.11.2019 0:55:30 : Сортировака по дате выполнена
24.11.2019 0:55:31 : Сортировака по дате выполнена
24.11.2019 0:55:32 : Сортировака по дате выполнена
24.11.2019 0:55:32 : Сортировака по дате выполнена
24.11.2019 0:55:35 : Сортировака по дате выполнена
24.11.2019 0:56:14 : Логин qq успешно найден
24.11.2019 0:56:14 : Хеш-последовательность успешно получена
24.11.2019 0:56:14 : Пользователь qq успешно авторизовался
24.11.2019 0:56:14 : Процедура получения позиций пользователя => Старт 
24.11.2019 0:56:14 : Дешифрование пароля завершено успешно
24.11.2019 0:56:14 : Дешифрование пароля завершено успешно
24.11.2019 0:56:14 : Дешифрование пароля завершено успешно
24.11.2019 0:56:14 : Дешифрование пароля завершено успешно
24.11.2019 0:56:14 : Дешифрование пароля завершено успешно
24.11.2019 0:56:14 : Дешифрование пароля завершено успешно
24.11.2019 0:56:14 : Конвертация позиций => Успешно 
24.11.2019 0:56:14 : Визуализация позиций => Успешно 
24.11.2019 0:56:15 : Сортировака по дате выполнена
24.11.2019 0:56:15 : Сортировака по логину выполнена
24.11.2019 0:56:16 : Сортировака по логину выполнена
24.11.2019 0:56:17 : Сортировака по логину выполнена
24.11.2019 0:56:18 : Сортировака по паролю выполнена
24.11.2019 0:56:18 : Сортировака по паролю выполнена
24.11.2019 0:56:19 : Сортировака по паролю выполнена
24.11.2019 0:56:19 : Сортировака по описанию выполнена
24.11.2019 0:56:20 : Сортировака по описанию выполнена
24.11.2019 0:56:21 : Сортировака по дате выполнена
24.11.2019 0:56:21 : Сортировака по логину выполнена
24.11.2019 0:56:22 : Сортировака по паролю выполнена
24.11.2019 0:56:22 : Сортировака по описанию выполнена
24.11.2019 0:56:23 : Сортировака по логину выполнена
24.11.2019 0:56:25 : Сортировака по дате выполнена
24.11.2019 0:56:25 : Сортировака по логину выполнена
24.11.2019 0:56:25 : Сортировака по паролю выполнена
24.11.2019 0:56:26 : Сортировака по дате выполнена
24.11.2019 0:56:26 : Сортировака по логину выполнена
24.11.2019 0:56:27 : Сортировака по паролю выполнена
24.11.2019 0:56:27 : Сортировака по описанию выполнена
24.11.2019 13:41:31 : Выход из приложения
24.11.2019 13:41:38 : Логин аврппавр не существует
24.11.2019 13:41:39 : Введен енправильный логин или пароль
24.11.2019 13:41:39 : Логин аврппавр не существует
24.11.2019 13:41:40 : Введен енправильный логин или пароль
24.11.2019 13:41:41 : Выход из приложения
