05.12.2019 19:36:01 : Инциализация процедуры настройки программы
05.12.2019 19:36:23 : Данные успешно сохранен
05.12.2019 19:36:23 : Пути успешно указаны
05.12.2019 19:36:26 : Пароль успешно сохранен
05.12.2019 19:36:26 : Ключ успешно получен
05.12.2019 19:36:26 : Ключ успешно получен
05.12.2019 19:36:26 : Шифрование пароля завершено успешно
05.12.2019 19:36:26 : Шифрование пароля завершено успешно
05.12.2019 19:36:27 : Хеш-последовательность успешно получена
05.12.2019 19:36:27 : Процедуры настройки программы завершена
05.12.2019 19:36:27 : Процедура получения списка пользователей => Старт
05.12.2019 19:36:28 : Директория хранения данных пользователей не найдена
05.12.2019 19:37:39 : Хеш-последовательность успешно получена
05.12.2019 19:37:40 : Процедура получения списка пользователей => Старт
05.12.2019 19:37:51 : Хеш-последовательность успешно получена
05.12.2019 19:37:51 : Процедура добавления пользователя => Старт 
05.12.2019 19:37:51 : Директория пользователя test создана
05.12.2019 19:37:52 : Пользователь успешно зарегистрирован
05.12.2019 19:38:16 : Инциализация процедуры выхода из программы
05.12.2019 19:38:17 : Процедура выхода из программы отменена
05.12.2019 19:38:44 : Логин test успешно найден
05.12.2019 19:38:44 : Хеш-последовательность успешно получена
05.12.2019 19:38:44 : Пользователь test успешно авторизовался
05.12.2019 19:38:44 : Процедура получения позиций пользователя => Старт 
05.12.2019 19:38:44 : Конвертация позиций => Успешно 
05.12.2019 19:38:44 : Визуализация позиций => Успешно 
05.12.2019 19:38:50 : Инциализация процедуры смены пользователя
05.12.2019 19:38:51 : Процедура смены пользователя успешно завершена
05.12.2019 19:38:53 : Инициализаия процедуры регистарции пользователя
05.12.2019 19:39:02 : Пользователь успешно зарегистрирован
05.12.2019 19:39:02 : Хеш-последовательность успешно получена
05.12.2019 19:39:02 : Директория пользователя InfoAboutPass.User создана
05.12.2019 19:39:02 : Пользователь успешно зарегистрирован
05.12.2019 19:39:28 : Инциализация процедуры выхода из программы
05.12.2019 19:39:29 : Процедура выхода из программы успешно завершена
05.12.2019 19:39:36 : Хеш-последовательность успешно получена
05.12.2019 19:39:37 : Получен пароль
05.12.2019 19:39:40 : Хеш-последовательность успешно получена
05.12.2019 19:39:40 : Процедура получения списка пользователей => Старт
05.12.2019 19:39:44 : Логин test1 успешно найден
05.12.2019 19:39:44 : Хеш-последовательность успешно получена
05.12.2019 19:39:44 : Пользователь test1 успешно авторизовался
05.12.2019 19:39:44 : Процедура получения позиций пользователя => Старт 
05.12.2019 19:39:44 : Конвертация позиций => Успешно 
05.12.2019 19:39:44 : Визуализация позиций => Успешно 
05.12.2019 19:39:51 : Удачное завершение поиска поиска. Результатов 1
05.12.2019 19:39:58 : Инициализация процедуры добавления позиции
05.12.2019 19:40:03 : Ключ успешно получен
05.12.2019 19:40:03 : Шифрование пароля завершено успешно
05.12.2019 19:40:03 : Позиция пользователя успешно сохранена
05.12.2019 19:40:04 : Добавление позиции завершено успешно
05.12.2019 19:40:05 : Инициализация процедуры добавления позиции
05.12.2019 19:40:07 : Ключ успешно получен
05.12.2019 19:40:07 : Шифрование пароля завершено успешно
05.12.2019 19:40:07 : Позиция пользователя успешно сохранена
05.12.2019 19:40:07 : Добавление позиции завершено успешно
05.12.2019 19:40:48 : Инциализация процедуры смены пользователя
05.12.2019 19:40:49 : Процедура смены пользователя успешно завершена
05.12.2019 19:41:14 : Хеш-последовательность успешно получена
05.12.2019 19:41:14 : Процедура модификации пользователя => Старт
05.12.2019 19:41:14 : Директория пользователя test2 создана
05.12.2019 19:41:15 : Пользователь успешно зарегистрирован
05.12.2019 19:41:20 : Логин test1 не существует
05.12.2019 19:41:23 : Введен енправильный логин или пароль
05.12.2019 19:41:27 : Логин test2 успешно найден
05.12.2019 19:41:27 : Хеш-последовательность успешно получена
05.12.2019 19:41:27 : Пользователь test2 успешно авторизовался
05.12.2019 19:41:27 : Процедура получения позиций пользователя => Старт 
05.12.2019 19:41:27 : Дешифрование пароля завершено успешно
05.12.2019 19:41:27 : Конвертация позиций => Успешно 
05.12.2019 19:41:27 : Визуализация позиций => Успешно 
05.12.2019 19:42:41 : Инциализация процедуры выхода из программы
05.12.2019 19:42:42 : Процедура выхода из программы успешно завершена
05.12.2019 19:42:43 : Инциализация процедуры выхода из программы
05.12.2019 19:42:43 : Процедура выхода из программы успешно завершена
05.12.2019 19:55:12 : Хеш-последовательность успешно получена
05.12.2019 19:55:12 : Процедура получения списка пользователей => Старт
05.12.2019 19:55:20 : Хеш-последовательность успешно получена
05.12.2019 19:55:20 : Процедура добавления пользователя => Старт 
05.12.2019 19:55:20 : Директория пользователя test1 создана
05.12.2019 19:55:21 : Пользователь успешно зарегистрирован
05.12.2019 19:55:23 : Инциализация процедуры выхода из программы
05.12.2019 19:55:23 : Процедура выхода из программы успешно завершена
05.12.2019 19:55:40 : Логин test1 успешно найден
05.12.2019 19:55:40 : Хеш-последовательность успешно получена
05.12.2019 19:55:40 : Пользователь test1 успешно авторизовался
05.12.2019 19:55:40 : Процедура получения позиций пользователя => Старт 
05.12.2019 19:55:40 : Конвертация позиций => Успешно 
05.12.2019 19:55:40 : Визуализация позиций => Успешно 
05.12.2019 19:55:42 : Инициализация процедуры добавления позиции
05.12.2019 19:55:46 : Ключ успешно получен
05.12.2019 19:55:46 : Шифрование пароля завершено успешно
05.12.2019 19:55:46 : Позиция пользователя успешно сохранена
05.12.2019 19:55:46 : Добавление позиции завершено успешно
05.12.2019 19:55:47 : Инициализация процедуры добавления позиции
05.12.2019 19:55:49 : Ключ успешно получен
05.12.2019 19:55:49 : Шифрование пароля завершено успешно
05.12.2019 19:55:49 : Позиция пользователя успешно сохранена
05.12.2019 19:55:50 : Добавление позиции завершено успешно
05.12.2019 19:55:50 : Инициализация процедуры добавления позиции
05.12.2019 19:55:53 : Ключ успешно получен
05.12.2019 19:55:53 : Шифрование пароля завершено успешно
05.12.2019 19:55:53 : Позиция пользователя успешно сохранена
05.12.2019 19:55:53 : Добавление позиции завершено успешно
05.12.2019 19:55:57 : Инциализация процедуры выхода из программы
05.12.2019 19:55:57 : Процедура выхода из программы успешно завершена
05.12.2019 19:56:20 : Хеш-последовательность успешно получена
05.12.2019 19:56:20 : Процедура получения списка пользователей => Старт
05.12.2019 19:56:30 : Хеш-последовательность успешно получена
05.12.2019 19:56:30 : Процедура модификации пользователя => Старт
05.12.2019 19:56:30 : Директория пользователя test2 создана
05.12.2019 19:56:31 : Пользователь успешно зарегистрирован
05.12.2019 19:57:00 : Логин test2 успешно найден
05.12.2019 19:57:00 : Хеш-последовательность успешно получена
05.12.2019 19:57:01 : Получен неправильный логин или пароль
05.12.2019 19:57:08 : Логин test2 успешно найден
05.12.2019 19:57:08 : Хеш-последовательность успешно получена
05.12.2019 19:57:09 : Получен неправильный логин или пароль
05.12.2019 19:57:14 : Хеш-последовательность успешно получена
05.12.2019 19:57:14 : Процедура модификации пользователя => Старт
05.12.2019 19:57:14 : Директория пользователя test2 создана
05.12.2019 19:58:08 : Выход из приложения
05.12.2019 19:58:28 : Хеш-последовательность успешно получена
05.12.2019 19:58:28 : Процедура получения списка пользователей => Старт
05.12.2019 19:58:39 : Логин test2 успешно найден
05.12.2019 19:58:39 : Хеш-последовательность успешно получена
05.12.2019 19:58:40 : Получен неправильный логин или пароль
05.12.2019 19:58:50 : Хеш-последовательность успешно получена
05.12.2019 19:58:50 : Процедура модификации пользователя => Старт
05.12.2019 19:58:50 : Директория пользователя test2 создана
05.12.2019 19:58:51 : Пользователь успешно зарегистрирован
05.12.2019 19:58:53 : Логин test2 успешно найден
05.12.2019 19:58:53 : Хеш-последовательность успешно получена
05.12.2019 19:58:53 : Пользователь test2 успешно авторизовался
05.12.2019 19:58:53 : Процедура получения позиций пользователя => Старт 
05.12.2019 19:58:53 : Конвертация позиций => Успешно 
05.12.2019 19:58:53 : Визуализация позиций => Успешно 
05.12.2019 19:59:22 : Просмотр информации о пользователе
05.12.2019 19:59:24 : Инициализация процедуры добавления позиции
05.12.2019 19:59:27 : Ключ успешно получен
05.12.2019 19:59:27 : Шифрование пароля завершено успешно
05.12.2019 19:59:27 : Позиция пользователя успешно сохранена
05.12.2019 19:59:28 : Добавление позиции завершено успешно
05.12.2019 19:59:28 : Инициализация процедуры добавления позиции
05.12.2019 19:59:31 : Ключ успешно получен
05.12.2019 19:59:31 : Шифрование пароля завершено успешно
05.12.2019 19:59:31 : Позиция пользователя успешно сохранена
05.12.2019 19:59:32 : Добавление позиции завершено успешно
05.12.2019 19:59:32 : Инициализация процедуры изменения позиции
05.12.2019 19:59:35 : Процедура изменении позиции отменена
05.12.2019 19:59:35 : Инициализация процедуры добавления позиции
05.12.2019 19:59:38 : Ключ успешно получен
05.12.2019 19:59:38 : Шифрование пароля завершено успешно
05.12.2019 19:59:38 : Позиция пользователя успешно сохранена
05.12.2019 19:59:39 : Добавление позиции завершено успешно
05.12.2019 19:59:45 : Инциализация процедуры выхода из программы
05.12.2019 19:59:46 : Процедура выхода из программы отменена
05.12.2019 19:59:49 : Инциализация процедуры выхода из программы
05.12.2019 19:59:50 : Процедура выхода из программы успешно завершена
05.12.2019 20:00:03 : Хеш-последовательность успешно получена
05.12.2019 20:00:03 : Процедура модификации пользователя => Старт
05.12.2019 20:00:03 : Директория пользователя test3 создана
05.12.2019 20:00:04 : Пользователь успешно зарегистрирован
05.12.2019 20:00:27 : Инциализация процедуры выхода из программы
05.12.2019 20:00:29 : Процедура выхода из программы успешно завершена
05.12.2019 20:00:44 : Логин test3 успешно найден
05.12.2019 20:00:44 : Хеш-последовательность успешно получена
05.12.2019 20:00:44 : Пользователь test3 успешно авторизовался
05.12.2019 20:00:44 : Процедура получения позиций пользователя => Старт 
05.12.2019 20:00:44 : Дешифрование пароля завершено успешно
05.12.2019 20:00:44 : Дешифрование пароля завершено успешно
05.12.2019 20:00:44 : Дешифрование пароля завершено успешно
05.12.2019 20:00:44 : Конвертация позиций => Успешно 
05.12.2019 20:00:44 : Визуализация позиций => Успешно 
05.12.2019 20:00:56 : Инциализация процедуры выхода из программы
05.12.2019 20:00:57 : Процедура выхода из программы успешно завершена
05.12.2019 20:02:05 : Инциализация процедуры настройки программы
05.12.2019 20:02:32 : Данные успешно сохранен
05.12.2019 20:02:32 : Пути успешно указаны
05.12.2019 20:02:34 : Пароль успешно сохранен
05.12.2019 20:02:34 : Ключ успешно получен
05.12.2019 20:02:34 : Ключ успешно получен
05.12.2019 20:02:34 : Шифрование пароля завершено успешно
05.12.2019 20:02:34 : Шифрование пароля завершено успешно
05.12.2019 20:02:34 : Хеш-последовательность успешно получена
05.12.2019 20:02:34 : Процедуры настройки программы завершена
05.12.2019 20:02:34 : Процедура получения списка пользователей => Старт
05.12.2019 20:02:35 : Директория хранения данных пользователей не найдена
05.12.2019 20:02:46 : Логин test3 успешно найден
05.12.2019 20:02:46 : Хеш-последовательность успешно получена
05.12.2019 20:02:46 : Пользователь test3 успешно авторизовался
05.12.2019 20:02:46 : Процедура получения позиций пользователя => Старт 
05.12.2019 20:02:46 : Дешифрование пароля завершено успешно
05.12.2019 20:02:46 : Дешифрование пароля завершено успешно
05.12.2019 20:02:46 : Дешифрование пароля завершено успешно
05.12.2019 20:02:46 : Конвертация позиций => Успешно 
05.12.2019 20:02:47 : Визуализация позиций => Успешно 
05.12.2019 20:03:22 : Хеш-последовательность успешно получена
05.12.2019 20:03:22 : Процедура получения списка пользователей => Старт
05.12.2019 20:03:30 : Хеш-последовательность успешно получена
05.12.2019 20:03:30 : Процедура модификации пользователя => Старт
05.12.2019 20:03:30 : Директория пользователя test4 создана
05.12.2019 20:03:31 : Пользователь успешно зарегистрирован
05.12.2019 20:03:48 : Инциализация процедуры выхода из программы
05.12.2019 20:03:49 : Процедура выхода из программы успешно завершена
05.12.2019 20:04:03 : Логин test4 успешно найден
05.12.2019 20:04:03 : Хеш-последовательность успешно получена
05.12.2019 20:04:03 : Пользователь test4 успешно авторизовался
05.12.2019 20:04:03 : Процедура получения позиций пользователя => Старт 
05.12.2019 20:04:03 : Дешифрование пароля завершено успешно
05.12.2019 20:04:03 : Дешифрование пароля завершено успешно
05.12.2019 20:04:03 : Дешифрование пароля завершено успешно
05.12.2019 20:04:03 : Конвертация позиций => Успешно 
05.12.2019 20:04:04 : Визуализация позиций => Успешно 
05.12.2019 20:04:33 : Инциализация процедуры выхода из программы
05.12.2019 20:04:36 : Процедура выхода из программы отменена
05.12.2019 20:04:39 : Инциализация процедуры выхода из программы
05.12.2019 20:04:40 : Процедура выхода из программы отменена
05.12.2019 20:04:41 : Инциализация процедуры выхода из программы
05.12.2019 20:04:42 : Процедура выхода из программы отменена
05.12.2019 20:04:47 : Инциализация процедуры выхода из программы
05.12.2019 20:04:48 : Процедура выхода из программы успешно завершена
05.12.2019 20:04:48 : Инциализация процедуры выхода из программы
05.12.2019 20:04:49 : Процедура выхода из программы успешно завершена
05.12.2019 20:05:01 : Инциализация процедуры выхода из программы
05.12.2019 20:05:03 : Процедура выхода из программы отменена
05.12.2019 20:05:03 : Процедура получения списка пользователей => Старт
05.12.2019 20:05:10 : Инциализация процедуры выхода из программы
05.12.2019 20:05:10 : Процедура выхода из программы успешно завершена
05.12.2019 20:07:17 : Инциализация процедуры выхода из программы
05.12.2019 20:07:18 : Процедура выхода из программы отменена
05.12.2019 20:07:19 : Инциализация процедуры выхода из программы
05.12.2019 20:07:19 : Процедура выхода из программы отменена
05.12.2019 20:07:20 : Инциализация процедуры выхода из программы
05.12.2019 20:07:21 : Процедура выхода из программы отменена
05.12.2019 20:07:22 : Инциализация процедуры выхода из программы
05.12.2019 20:07:22 : Процедура выхода из программы успешно завершена
05.12.2019 20:07:22 : Процедура получения списка пользователей => Старт
05.12.2019 20:09:06 : Инциализация процедуры выхода из программы
05.12.2019 20:09:07 : Процедура выхода из программы успешно завершена
05.12.2019 20:09:07 : Процедура получения списка пользователей => Старт
05.12.2019 20:10:00 : Логин test не существует
05.12.2019 20:10:01 : Введен енправильный логин или пароль
05.12.2019 20:10:01 : Инициализаия процедуры регистарции пользователя
05.12.2019 20:10:10 : Пользователь успешно зарегистрирован
05.12.2019 20:10:10 : Хеш-последовательность успешно получена
05.12.2019 20:10:10 : Директория пользователя  создана
05.12.2019 20:10:10 : Пользователь успешно зарегистрирован
05.12.2019 20:11:04 : Инициализаия процедуры регистарции пользователя
05.12.2019 20:11:09 : Пользователь успешно зарегистрирован
05.12.2019 20:11:09 : Хеш-последовательность успешно получена
05.12.2019 20:11:09 : Директория пользователя  создана
05.12.2019 20:11:09 : Пользователь успешно зарегистрирован
05.12.2019 20:11:22 : Выход из приложения
05.12.2019 20:11:49 : Инициализаия процедуры регистарции пользователя
05.12.2019 20:11:52 : Пользователь успешно зарегистрирован
05.12.2019 20:11:52 : Хеш-последовательность успешно получена
05.12.2019 20:20:22 : Файл конфигурации не найден
05.12.2019 20:22:41 : Файл конфигурации не найден
05.12.2019 20:30:32 : Инциализация процедуры выхода из программы
05.12.2019 20:30:38 : Процедура выхода из программы успешно завершена
05.12.2019 20:30:38 : Процедура получения списка пользователей => Старт
05.12.2019 20:30:38 : Директория хранения данных пользователей не найдена
05.12.2019 21:20:42 : Файл конфигурации не найден
