30.11.2019 12:08:49 : Процедура получения списка пользователей => Старт 
30.11.2019 12:09:03 : Сортировака по имени пользователя выполнена
30.11.2019 12:09:03 : Сортировака по имени пользователя выполнена
30.11.2019 12:09:04 : Сортировака по имени пользователя выполнена
30.11.2019 12:09:04 : Сортировака по имени пользователя выполнена
30.11.2019 12:09:05 : Сортировака по идентификатору выполнена
30.11.2019 12:09:05 : Сортировака по идентификатору выполнена
30.11.2019 12:09:06 : Сортировака по идентификатору выполнена
30.11.2019 12:09:07 : Сортировака по идентификатору выполнена
30.11.2019 12:09:08 : Сортировака по идентификатору выполнена
30.11.2019 12:09:08 : Сортировака по имени пользователя выполнена
30.11.2019 12:09:09 : Сортировака по имени пользователя выполнена
30.11.2019 12:09:11 : Сортировака по имени пользователя выполнена
30.11.2019 12:09:20 : Удачное завершение поиска поиска. Результатов 1
30.11.2019 12:09:27 : Удачное завершение поиска поиска. Результатов 2
30.11.2019 12:09:34 : Удачное завершение поиска поиска. Результатов 1
30.11.2019 12:09:52 : Инциализация процедуры выхода из программы
30.11.2019 12:10:14 : Процедура выхода из программы отменена
30.11.2019 12:10:23 : Инциализация процедуры выхода из программы
30.11.2019 12:10:24 : Процедура выхода из программы успешно завершена
30.11.2019 12:10:32 : Логин qq не существует
30.11.2019 12:10:33 : Введен енправильный логин или пароль
30.11.2019 12:10:35 : Логин ww успешно найден
30.11.2019 12:10:35 : Хеш-последовательность успешно получена
30.11.2019 12:10:35 : Пользователь ww успешно авторизовался
30.11.2019 12:10:35 : Процедура получения позиций пользователя => Старт 
30.11.2019 12:10:36 : Ошибка при получени данных
30.11.2019 12:10:36 : Конвертация позиций => Успешно 
30.11.2019 12:10:36 : Визуализация позиций => Успешно 
30.11.2019 12:10:44 : Логин qwer успешно найден
30.11.2019 12:10:44 : Хеш-последовательность успешно получена
30.11.2019 12:10:44 : Пользователь qwer успешно авторизовался
30.11.2019 12:10:44 : Процедура получения позиций пользователя => Старт 
30.11.2019 12:10:44 : Дешифрование пароля завершено успешно
30.11.2019 12:10:44 : Дешифрование пароля завершено успешно
30.11.2019 12:10:44 : Дешифрование пароля завершено успешно
30.11.2019 12:10:44 : Дешифрование пароля завершено успешно
30.11.2019 12:10:44 : Дешифрование пароля завершено успешно
30.11.2019 12:10:44 : Дешифрование пароля завершено успешно
30.11.2019 12:10:44 : Дешифрование пароля завершено успешно
30.11.2019 12:10:44 : Дешифрование пароля завершено успешно
30.11.2019 12:10:44 : Дешифрование пароля завершено успешно
30.11.2019 12:10:44 : Конвертация позиций => Успешно 
30.11.2019 12:10:44 : Визуализация позиций => Успешно 
30.11.2019 12:11:15 : Удачное завершение поиска поиска. Результатов 1
30.11.2019 12:11:21 : Инциализация процедуры выхода из программы
30.11.2019 12:11:22 : Процедура выхода из программы успешно завершена
30.11.2019 12:12:24 : Логин qwer не существует
30.11.2019 12:12:25 : Введен енправильный логин или пароль
30.11.2019 12:12:32 : Логин ww не существует
30.11.2019 12:12:34 : Введен енправильный логин или пароль
30.11.2019 12:12:34 : Выход из приложения
30.11.2019 12:12:41 : Процедура получения списка пользователей => Старт 
30.11.2019 12:12:43 : Директория хранения данных пользователей не найдена
30.11.2019 12:12:49 : Инциализация процедуры выхода из программы
30.11.2019 12:12:51 : Процедура выхода из программы успешно завершена
