23.11.2019 19:19:37 : Логин qwer не существует
23.11.2019 19:19:39 : Введен енправильный логин или пароль
23.11.2019 19:19:47 : Логин qwer не существует
23.11.2019 19:19:48 : Введен енправильный логин или пароль
23.11.2019 19:20:24 : Логин qwer не существует
23.11.2019 19:20:25 : Введен енправильный логин или пароль
23.11.2019 19:25:04 : Логин qwer не существует
23.11.2019 19:25:05 : Введен енправильный логин или пароль
23.11.2019 19:27:37 : Логин qwer успешно найден
23.11.2019 19:27:37 : Хеш-последовательность успешно получена
23.11.2019 19:27:37 : Пользователь qwer успешно авторизовался
23.11.2019 19:27:37 : Процедура получения позиций пользователя => Старт 
23.11.2019 19:29:03 : Логин eeee успешно найден
23.11.2019 19:29:03 : Хеш-последовательность успешно получена
23.11.2019 19:29:03 : Пользователь eeee успешно авторизовался
23.11.2019 19:29:03 : Процедура получения позиций пользователя => Старт 
23.11.2019 19:29:55 : Логин eeee успешно найден
23.11.2019 19:29:55 : Хеш-последовательность успешно получена
23.11.2019 19:29:55 : Пользователь eeee успешно авторизовался
23.11.2019 19:29:59 : Процедура получения позиций пользователя => Старт 
23.11.2019 19:30:52 : Логин qq успешно найден
23.11.2019 19:30:52 : Хеш-последовательность успешно получена
23.11.2019 19:30:52 : Пользователь qq успешно авторизовался
23.11.2019 19:30:54 : Процедура получения позиций пользователя => Старт 
23.11.2019 19:30:54 : Конвертация позиций => Успешно 
23.11.2019 19:30:54 : Визуализация позиций => Успешно 
23.11.2019 19:30:57 : Инициализация процедуры добавления позиции
23.11.2019 19:31:01 : Ключ успешно получен
23.11.2019 19:31:01 : Шифрование пароля завершено успешно
23.11.2019 19:31:01 : Позиция пользователя успешно сохранена
23.11.2019 19:31:02 : Добавление позиции завершено успешно
23.11.2019 19:31:04 : Инициализация процедуры добавления позиции
23.11.2019 19:31:06 : Ключ успешно получен
23.11.2019 19:31:06 : Шифрование пароля завершено успешно
23.11.2019 19:31:06 : Позиция пользователя успешно сохранена
23.11.2019 19:31:07 : Добавление позиции завершено успешно
23.11.2019 19:31:33 : Логин qq успешно найден
23.11.2019 19:31:33 : Хеш-последовательность успешно получена
23.11.2019 19:31:33 : Пользователь qq успешно авторизовался
23.11.2019 19:31:36 : Процедура получения позиций пользователя => Старт 
23.11.2019 19:31:36 : Дешифрование пароля завершено успешно
23.11.2019 19:31:36 : Дешифрование пароля завершено успешно
23.11.2019 19:31:36 : Конвертация позиций => Успешно 
23.11.2019 19:31:36 : Визуализация позиций => Успешно 
23.11.2019 21:32:58 : Логин qq успешно найден
23.11.2019 21:32:58 : Хеш-последовательность успешно получена
23.11.2019 21:32:58 : Пользователь qq успешно авторизовался
23.11.2019 21:32:58 : Процедура получения позиций пользователя => Старт 
23.11.2019 21:32:58 : Дешифрование пароля завершено успешно
23.11.2019 21:32:58 : Дешифрование пароля завершено успешно
23.11.2019 21:32:58 : Конвертация позиций => Успешно 
23.11.2019 21:32:58 : Визуализация позиций => Успешно 
23.11.2019 21:35:21 : Логин qq успешно найден
23.11.2019 21:35:21 : Хеш-последовательность успешно получена
23.11.2019 21:35:21 : Пользователь qq успешно авторизовался
23.11.2019 21:35:21 : Процедура получения позиций пользователя => Старт 
23.11.2019 21:35:21 : Дешифрование пароля завершено успешно
23.11.2019 21:35:21 : Дешифрование пароля завершено успешно
23.11.2019 21:35:21 : Конвертация позиций => Успешно 
23.11.2019 21:35:21 : Визуализация позиций => Успешно 
23.11.2019 21:35:26 : Инициализация процедуры добавления позиции
23.11.2019 21:35:29 : Ключ успешно получен
23.11.2019 21:35:29 : Шифрование пароля завершено успешно
23.11.2019 21:35:29 : Позиция пользователя успешно сохранена
23.11.2019 21:35:29 : Добавление позиции завершено успешно
23.11.2019 21:35:39 : Инициализация процедуры удаления позиции
23.11.2019 21:35:40 : Позиция пользователя успешно удалена
23.11.2019 21:35:40 : Удаление позициии успешно завершено
23.11.2019 21:35:53 : Логин qq успешно найден
23.11.2019 21:35:53 : Хеш-последовательность успешно получена
23.11.2019 21:35:53 : Пользователь qq успешно авторизовался
23.11.2019 21:35:53 : Процедура получения позиций пользователя => Старт 
23.11.2019 21:35:53 : Дешифрование пароля завершено успешно
23.11.2019 21:35:53 : Дешифрование пароля завершено успешно
23.11.2019 21:35:53 : Конвертация позиций => Успешно 
23.11.2019 21:35:53 : Визуализация позиций => Успешно 
23.11.2019 21:36:02 : Инициализация процедуры изменения позиции
23.11.2019 21:36:05 : Ключ успешно получен
23.11.2019 21:36:05 : Шифрование пароля завершено успешно
23.11.2019 21:36:05 : Позиция пользователя успешно изменена
23.11.2019 21:36:06 : Изменение позиции успешно завершено
23.11.2019 21:36:13 : Просмотр информации о программе
23.11.2019 21:36:16 : Просмотр информации о пользователе
23.11.2019 22:57:26 : Логин qq успешно найден
23.11.2019 22:57:26 : Хеш-последовательность успешно получена
23.11.2019 22:57:26 : Пользователь qq успешно авторизовался
23.11.2019 22:57:26 : Процедура получения позиций пользователя => Старт 
23.11.2019 22:57:26 : Дешифрование пароля завершено успешно
23.11.2019 22:57:26 : Дешифрование пароля завершено успешно
23.11.2019 22:57:26 : Конвертация позиций => Успешно 
23.11.2019 22:57:26 : Визуализация позиций => Успешно 
23.11.2019 22:57:26 : Инициализация процедуры добавления позиции
23.11.2019 22:57:28 : Процедура добавления позиции отменена
23.11.2019 22:58:17 : Инициализация процедуры добавления позиции
23.11.2019 22:58:32 : Ключ успешно получен
23.11.2019 22:58:32 : Шифрование пароля завершено успешно
23.11.2019 22:58:32 : Позиция пользователя успешно сохранена
23.11.2019 22:58:32 : Добавление позиции завершено успешно
23.11.2019 22:58:40 : Инициализация процедуры изменения позиции
23.11.2019 22:58:48 : Ключ успешно получен
23.11.2019 22:58:48 : Шифрование пароля завершено успешно
23.11.2019 22:58:48 : Позиция пользователя успешно изменена
23.11.2019 22:58:48 : Изменение позиции успешно завершено
23.11.2019 22:58:51 : Инициализация процедуры удаления позиции
23.11.2019 22:58:52 : Позиция пользователя успешно удалена
23.11.2019 22:58:52 : Удаление позициии успешно завершено
23.11.2019 23:02:11 : Логин qq успешно найден
23.11.2019 23:02:11 : Хеш-последовательность успешно получена
23.11.2019 23:02:11 : Пользователь qq успешно авторизовался
23.11.2019 23:02:11 : Процедура получения позиций пользователя => Старт 
23.11.2019 23:02:11 : Дешифрование пароля завершено успешно
23.11.2019 23:02:11 : Дешифрование пароля завершено успешно
23.11.2019 23:02:11 : Конвертация позиций => Успешно 
23.11.2019 23:02:12 : Визуализация позиций => Успешно 
23.11.2019 23:03:49 : Логин qq успешно найден
23.11.2019 23:03:49 : Хеш-последовательность успешно получена
23.11.2019 23:03:49 : Пользователь qq успешно авторизовался
23.11.2019 23:03:49 : Процедура получения позиций пользователя => Старт 
23.11.2019 23:03:49 : Дешифрование пароля завершено успешно
23.11.2019 23:03:49 : Дешифрование пароля завершено успешно
23.11.2019 23:03:49 : Конвертация позиций => Успешно 
23.11.2019 23:03:49 : Визуализация позиций => Успешно 
23.11.2019 23:03:51 : Инициализация процедуры добавления позиции
23.11.2019 23:03:53 : Ключ успешно получен
23.11.2019 23:03:53 : Шифрование пароля завершено успешно
23.11.2019 23:03:53 : Позиция пользователя успешно сохранена
23.11.2019 23:03:54 : Добавление позиции завершено успешно
23.11.2019 23:03:55 : Инициализация процедуры добавления позиции
23.11.2019 23:03:57 : Ключ успешно получен
23.11.2019 23:03:57 : Шифрование пароля завершено успешно
23.11.2019 23:03:57 : Позиция пользователя успешно сохранена
23.11.2019 23:03:57 : Добавление позиции завершено успешно
23.11.2019 23:04:19 : Логин qq успешно найден
23.11.2019 23:04:19 : Хеш-последовательность успешно получена
23.11.2019 23:04:19 : Пользователь qq успешно авторизовался
23.11.2019 23:04:19 : Процедура получения позиций пользователя => Старт 
23.11.2019 23:04:19 : Дешифрование пароля завершено успешно
23.11.2019 23:04:19 : Дешифрование пароля завершено успешно
23.11.2019 23:04:19 : Дешифрование пароля завершено успешно
23.11.2019 23:04:19 : Дешифрование пароля завершено успешно
23.11.2019 23:04:19 : Конвертация позиций => Успешно 
23.11.2019 23:04:19 : Визуализация позиций => Успешно 
23.11.2019 23:04:21 : Инициализация процедуры добавления позиции
23.11.2019 23:04:23 : Ключ успешно получен
23.11.2019 23:04:23 : Шифрование пароля завершено успешно
23.11.2019 23:04:23 : Позиция пользователя успешно сохранена
23.11.2019 23:04:24 : Добавление позиции завершено успешно
23.11.2019 23:04:29 : Инициализация процедуры изменения позиции
23.11.2019 23:04:30 : Процедура изменении позиции отменена
23.11.2019 23:05:01 : Логин qq успешно найден
23.11.2019 23:05:01 : Хеш-последовательность успешно получена
23.11.2019 23:05:01 : Пользователь qq успешно авторизовался
23.11.2019 23:05:01 : Процедура получения позиций пользователя => Старт 
23.11.2019 23:05:01 : Дешифрование пароля завершено успешно
23.11.2019 23:05:01 : Дешифрование пароля завершено успешно
23.11.2019 23:05:01 : Дешифрование пароля завершено успешно
23.11.2019 23:05:01 : Дешифрование пароля завершено успешно
23.11.2019 23:05:01 : Дешифрование пароля завершено успешно
23.11.2019 23:05:01 : Конвертация позиций => Успешно 
23.11.2019 23:05:01 : Визуализация позиций => Успешно 
23.11.2019 23:05:10 : Инициализация процедуры изменения позиции
23.11.2019 23:05:12 : Процедура изменении позиции отменена
23.11.2019 23:05:39 : Логин qq успешно найден
23.11.2019 23:05:39 : Хеш-последовательность успешно получена
23.11.2019 23:05:39 : Пользователь qq успешно авторизовался
23.11.2019 23:05:39 : Процедура получения позиций пользователя => Старт 
23.11.2019 23:05:39 : Дешифрование пароля завершено успешно
23.11.2019 23:05:39 : Дешифрование пароля завершено успешно
23.11.2019 23:05:39 : Дешифрование пароля завершено успешно
23.11.2019 23:05:39 : Дешифрование пароля завершено успешно
23.11.2019 23:05:39 : Дешифрование пароля завершено успешно
23.11.2019 23:05:39 : Конвертация позиций => Успешно 
23.11.2019 23:05:39 : Визуализация позиций => Успешно 
23.11.2019 23:05:41 : Инициализация процедуры изменения позиции
23.11.2019 23:05:42 : Процедура изменении позиции отменена
23.11.2019 23:05:44 : Инициализация процедуры удаления позиции
23.11.2019 23:05:44 : Позиция пользователя успешно удалена
23.11.2019 23:05:44 : Удаление позициии успешно завершено
23.11.2019 23:06:40 : Логин qq успешно найден
23.11.2019 23:06:40 : Хеш-последовательность успешно получена
23.11.2019 23:06:40 : Пользователь qq успешно авторизовался
23.11.2019 23:06:40 : Процедура получения позиций пользователя => Старт 
23.11.2019 23:06:40 : Дешифрование пароля завершено успешно
23.11.2019 23:06:40 : Дешифрование пароля завершено успешно
23.11.2019 23:06:40 : Дешифрование пароля завершено успешно
23.11.2019 23:06:40 : Дешифрование пароля завершено успешно
23.11.2019 23:06:40 : Конвертация позиций => Успешно 
23.11.2019 23:06:40 : Визуализация позиций => Успешно 
23.11.2019 23:06:42 : Инициализация процедуры удаления позиции
23.11.2019 23:06:43 : Позиция пользователя успешно удалена
23.11.2019 23:06:43 : Удаление позициии успешно завершено
23.11.2019 23:06:45 : Инициализация процедуры удаления позиции
23.11.2019 23:06:46 : Позиция пользователя успешно удалена
23.11.2019 23:06:46 : Удаление позициии успешно завершено
23.11.2019 23:06:47 : Инициализация процедуры удаления позиции
23.11.2019 23:06:47 : Позиция пользователя успешно удалена
23.11.2019 23:06:47 : Удаление позициии успешно завершено
23.11.2019 23:06:48 : Инициализация процедуры удаления позиции
23.11.2019 23:06:49 : Позиция пользователя успешно удалена
23.11.2019 23:06:49 : Удаление позициии успешно завершено
23.11.2019 23:07:55 : Логин qq успешно найден
23.11.2019 23:07:55 : Хеш-последовательность успешно получена
23.11.2019 23:07:55 : Пользователь qq успешно авторизовался
23.11.2019 23:07:55 : Процедура получения позиций пользователя => Старт 
23.11.2019 23:07:55 : Конвертация позиций => Успешно 
23.11.2019 23:07:55 : Визуализация позиций => Успешно 
23.11.2019 23:08:00 : Инициализация процедуры изменения позиции
23.11.2019 23:08:11 : Логин qq успешно найден
23.11.2019 23:08:11 : Хеш-последовательность успешно получена
23.11.2019 23:08:11 : Пользователь qq успешно авторизовался
23.11.2019 23:08:12 : Процедура получения позиций пользователя => Старт 
23.11.2019 23:08:12 : Конвертация позиций => Успешно 
23.11.2019 23:08:12 : Визуализация позиций => Успешно 
23.11.2019 23:09:06 : Логин qq успешно найден
23.11.2019 23:09:06 : Хеш-последовательность успешно получена
23.11.2019 23:09:06 : Пользователь qq успешно авторизовался
23.11.2019 23:09:06 : Процедура получения позиций пользователя => Старт 
23.11.2019 23:09:06 : Конвертация позиций => Успешно 
23.11.2019 23:09:06 : Визуализация позиций => Успешно 
23.11.2019 23:09:33 : Логин qq успешно найден
23.11.2019 23:09:33 : Хеш-последовательность успешно получена
23.11.2019 23:09:33 : Пользователь qq успешно авторизовался
23.11.2019 23:09:33 : Процедура получения позиций пользователя => Старт 
23.11.2019 23:09:33 : Конвертация позиций => Успешно 
23.11.2019 23:09:33 : Визуализация позиций => Успешно 
23.11.2019 23:09:35 : Инициализация процедуры добавления позиции
23.11.2019 23:09:37 : Ключ успешно получен
23.11.2019 23:09:37 : Шифрование пароля завершено успешно
23.11.2019 23:09:37 : Позиция пользователя успешно сохранена
23.11.2019 23:09:38 : Добавление позиции завершено успешно
23.11.2019 23:09:40 : Инициализация процедуры изменения позиции
23.11.2019 23:09:42 : Процедура изменении позиции отменена
23.11.2019 23:09:42 : Инициализация процедуры удаления позиции
23.11.2019 23:09:43 : Позиция пользователя успешно удалена
23.11.2019 23:09:43 : Удаление позициии успешно завершено
23.11.2019 23:10:39 : Логин qq успешно найден
23.11.2019 23:10:39 : Хеш-последовательность успешно получена
23.11.2019 23:10:39 : Пользователь qq успешно авторизовался
23.11.2019 23:10:39 : Процедура получения позиций пользователя => Старт 
23.11.2019 23:10:39 : Конвертация позиций => Успешно 
23.11.2019 23:10:39 : Визуализация позиций => Успешно 
23.11.2019 23:10:40 : Инициализация процедуры добавления позиции
23.11.2019 23:10:42 : Ключ успешно получен
23.11.2019 23:10:42 : Шифрование пароля завершено успешно
23.11.2019 23:10:42 : Позиция пользователя успешно сохранена
23.11.2019 23:10:43 : Добавление позиции завершено успешно
23.11.2019 23:10:44 : Инициализация процедуры добавления позиции
23.11.2019 23:10:46 : Ключ успешно получен
23.11.2019 23:10:46 : Шифрование пароля завершено успешно
23.11.2019 23:10:46 : Позиция пользователя успешно сохранена
23.11.2019 23:10:47 : Добавление позиции завершено успешно
23.11.2019 23:10:47 : Инициализация процедуры добавления позиции
23.11.2019 23:10:49 : Ключ успешно получен
23.11.2019 23:10:49 : Шифрование пароля завершено успешно
23.11.2019 23:10:49 : Позиция пользователя успешно сохранена
23.11.2019 23:10:50 : Добавление позиции завершено успешно
23.11.2019 23:10:52 : Инициализация процедуры удаления позиции
23.11.2019 23:10:52 : Позиция пользователя успешно удалена
23.11.2019 23:10:52 : Удаление позициии успешно завершено
23.11.2019 23:10:54 : Инициализация процедуры изменения позиции
23.11.2019 23:10:55 : Процедура изменении позиции отменена
23.11.2019 23:10:56 : Инициализация процедуры удаления позиции
23.11.2019 23:10:56 : Позиция пользователя успешно удалена
23.11.2019 23:10:56 : Удаление позициии успешно завершено
23.11.2019 23:10:57 : Инициализация процедуры изменения позиции
23.11.2019 23:11:02 : Ключ успешно получен
23.11.2019 23:11:02 : Шифрование пароля завершено успешно
23.11.2019 23:11:02 : Позиция пользователя успешно изменена
23.11.2019 23:11:03 : Изменение позиции успешно завершено
23.11.2019 23:11:04 : Инициализация процедуры удаления позиции
23.11.2019 23:11:05 : Позиция пользователя успешно удалена
23.11.2019 23:11:05 : Удаление позициии успешно завершено
23.11.2019 23:11:16 : Сортировака по дате выполнена
23.11.2019 23:11:17 : Сортировака по дате выполнена
23.11.2019 23:11:18 : Сортировака по дате выполнена
23.11.2019 23:11:18 : Сортировака по дате выполнена
23.11.2019 23:11:19 : Сортировака по дате выполнена
23.11.2019 23:11:27 : Инициализация процедуры добавления позиции
23.11.2019 23:11:32 : Ключ успешно получен
23.11.2019 23:11:32 : Шифрование пароля завершено успешно
23.11.2019 23:11:32 : Позиция пользователя успешно сохранена
23.11.2019 23:11:33 : Добавление позиции завершено успешно
23.11.2019 23:11:33 : Инициализация процедуры добавления позиции
23.11.2019 23:11:36 : Ключ успешно получен
23.11.2019 23:11:36 : Шифрование пароля завершено успешно
23.11.2019 23:11:36 : Позиция пользователя успешно сохранена
23.11.2019 23:11:36 : Добавление позиции завершено успешно
23.11.2019 23:11:37 : Инициализация процедуры добавления позиции
23.11.2019 23:11:39 : Ключ успешно получен
23.11.2019 23:11:39 : Шифрование пароля завершено успешно
23.11.2019 23:11:39 : Позиция пользователя успешно сохранена
23.11.2019 23:11:40 : Добавление позиции завершено успешно
23.11.2019 23:11:40 : Инициализация процедуры добавления позиции
23.11.2019 23:11:42 : Ключ успешно получен
23.11.2019 23:11:42 : Шифрование пароля завершено успешно
23.11.2019 23:11:42 : Позиция пользователя успешно сохранена
23.11.2019 23:11:43 : Добавление позиции завершено успешно
23.11.2019 23:11:44 : Сортировака по дате выполнена
23.11.2019 23:11:45 : Сортировака по дате выполнена
23.11.2019 23:11:45 : Сортировака по логину выполнена
23.11.2019 23:11:46 : Сортировака по логину выполнена
23.11.2019 23:11:46 : Сортировака по логину выполнена
23.11.2019 23:11:46 : Сортировака по паролю выполнена
23.11.2019 23:11:47 : Сортировака по паролю выполнена
23.11.2019 23:11:47 : Сортировака по паролю выполнена
23.11.2019 23:11:47 : Сортировака по паролю выполнена
23.11.2019 23:11:48 : Сортировака по паролю выполнена
23.11.2019 23:11:48 : Сортировака по паролю выполнена
23.11.2019 23:11:48 : Сортировака по паролю выполнена
23.11.2019 23:11:49 : Сортировака по описанию выполнена
23.11.2019 23:11:49 : Сортировака по описанию выполнена
23.11.2019 23:11:49 : Сортировака по описанию выполнена
23.11.2019 23:11:50 : Сортировака по описанию выполнена
23.11.2019 23:11:50 : Сортировака по описанию выполнена
23.11.2019 23:11:51 : Сортировака по описанию выполнена
23.11.2019 23:11:51 : Сортировака по описанию выполнена
23.11.2019 23:11:51 : Сортировака по описанию выполнена
23.11.2019 23:11:52 : Сортировака по описанию выполнена
23.11.2019 23:11:52 : Сортировака по описанию выполнена
23.11.2019 23:11:53 : Сортировака по описанию выполнена
23.11.2019 23:11:54 : Сортировака по описанию выполнена
23.11.2019 23:20:12 : Инициализаия процедуры регистарции пользователя
23.11.2019 23:20:42 : Процедура регистрации пользователя отменена
23.11.2019 23:20:48 : Логин qq успешно найден
23.11.2019 23:20:48 : Хеш-последовательность успешно получена
23.11.2019 23:20:48 : Пользователь qq успешно авторизовался
23.11.2019 23:20:48 : Процедура получения позиций пользователя => Старт 
23.11.2019 23:20:48 : Дешифрование пароля завершено успешно
23.11.2019 23:20:48 : Дешифрование пароля завершено успешно
23.11.2019 23:20:48 : Дешифрование пароля завершено успешно
23.11.2019 23:20:48 : Дешифрование пароля завершено успешно
23.11.2019 23:20:48 : Конвертация позиций => Успешно 
23.11.2019 23:20:48 : Визуализация позиций => Успешно 
