25.09.2019 12:23:54 : Старт регистарции пользователя
25.09.2019 12:24:07 : Пользователь qwer успешно авторизовался
25.09.2019 12:26:31 : Пользователь qwer успешно авторизовался
25.09.2019 12:31:30 : Пользователь qwer успешно авторизовался
25.09.2019 12:31:47 : Старт регистарции пользователя
25.09.2019 12:32:10 : Старт регистарции пользователя
25.09.2019 12:32:20 : Пользователь tttt успешно авторизовался
25.09.2019 12:33:04 : Пользователь tttt успешно авторизовался
25.09.2019 12:34:43 : Пользователь tttt успешно авторизовался
25.09.2019 12:35:09 : Пользователь tttt успешно авторизовался
25.09.2019 14:14:26 : Запуск приложения
25.09.2019 14:14:31 : Инициализаия процедуры регистарции пользователя
25.09.2019 14:14:39 : Хеш-последовательность успешно получена
25.09.2019 14:14:39 : Директория пользователя  создана
25.09.2019 14:14:40 : Пользователь успешно зарегистрирован
25.09.2019 14:14:40 : Пользователь успешно зарегистрирован
25.09.2019 14:14:46 : Логин pppp успешно найден
25.09.2019 14:14:46 : Хеш-последовательность успешно получена
25.09.2019 14:14:46 : Пользователь pppp успешно авторизовался
25.09.2019 14:14:46 : Процедура получения позиций пользователя InfoAboutPass.User => Старт 
25.09.2019 14:14:46 : Конвертация позиций => Успешно 
25.09.2019 14:14:46 : Визуализация позиций => Успешно 
25.09.2019 14:14:48 : Инициализация процедуры добавления позиции
25.09.2019 14:14:55 : Ключ успешно получен
25.09.2019 14:14:55 : Шифрование пароля завершено успешно
25.09.2019 14:14:55 : Позиция asfd пользователя InfoAboutPass.User успешно сохранена
25.09.2019 14:14:56 : Добавление позиции asfd завершено успешно
25.09.2019 14:14:57 : Инициализация процедуры добавления позиции
25.09.2019 14:14:59 : Ключ успешно получен
25.09.2019 14:14:59 : Шифрование пароля завершено успешно
25.09.2019 14:14:59 : Позиция asdas пользователя InfoAboutPass.User успешно сохранена
25.09.2019 14:15:00 : Добавление позиции asdas завершено успешно
25.09.2019 14:15:02 : Инициализация процедуры добавления позиции
25.09.2019 14:15:06 : Ключ успешно получен
25.09.2019 14:15:06 : Шифрование пароля завершено успешно
25.09.2019 14:15:06 : Позиция dsadas пользователя InfoAboutPass.User успешно сохранена
25.09.2019 14:15:06 : Добавление позиции dsadas завершено успешно
25.09.2019 14:15:07 : Инициализация процедуры добавления позиции
25.09.2019 14:15:12 : Ключ успешно получен
25.09.2019 14:15:12 : Шифрование пароля завершено успешно
25.09.2019 14:15:12 : Позиция dsa пользователя InfoAboutPass.User успешно сохранена
25.09.2019 14:15:12 : Добавление позиции dsa завершено успешно
25.09.2019 14:15:13 : Просмотр информации о программе
25.09.2019 14:15:15 : Просмотр информации о пользователе
25.09.2019 14:15:18 : Инициализация процедуры удаления позиции
25.09.2019 14:15:18 : Позиция dsa пользователя InfoAboutPass.User успешно удалена
25.09.2019 14:15:18 : Удаление позициии успешно завершено
25.09.2019 14:15:20 : Инициализация процедуры изменения позиции
25.09.2019 14:15:22 : Ключ успешно получен
25.09.2019 14:15:22 : Шифрование пароля завершено успешно
25.09.2019 14:15:22 : Позиция asdasd пользователя InfoAboutPass.User успешно изменена
25.09.2019 14:15:23 : Изменение позиции успешно завершено
25.09.2019 14:15:24 : Инциализация процедуры смены пользователя
25.09.2019 14:15:25 : Процедура смены пользователя успешно завершена
25.09.2019 14:15:28 : Выход из приложения
25.09.2019 14:20:51 : Запуск приложения
25.09.2019 14:20:58 : Логин pppp успешно найден
25.09.2019 14:20:58 : Хеш-последовательность успешно получена
25.09.2019 14:20:58 : Пользователь pppp успешно авторизовался
25.09.2019 14:20:58 : Процедура получения позиций пользователя InfoAboutPass.User => Старт 
25.09.2019 14:20:58 : Дешифрование пароля завершено успешно
25.09.2019 14:20:58 : Дешифрование пароля завершено успешно
25.09.2019 14:20:58 : Дешифрование пароля завершено успешно
25.09.2019 14:20:58 : Конвертация позиций => Успешно 
25.09.2019 14:20:58 : Визуализация позиций => Успешно 
25.09.2019 14:21:00 : Инициализация процедуры добавления позиции
25.09.2019 14:21:02 : Ключ успешно получен
25.09.2019 14:21:02 : Шифрование пароля завершено успешно
25.09.2019 14:21:02 : Позиция пользователя успешно сохранена
25.09.2019 14:21:03 : Добавление позиции завершено успешно
25.09.2019 14:21:04 : Инициализация процедуры изменения позиции
25.09.2019 14:21:08 : Ключ успешно получен
25.09.2019 14:21:08 : Шифрование пароля завершено успешно
25.09.2019 14:21:08 : Позиция пользователя успешно изменена
25.09.2019 14:21:09 : Изменение позиции успешно завершено
25.09.2019 14:21:11 : Инциализация процедуры смены пользователя
25.09.2019 14:21:11 : Процедура смены пользователя успешно завершена
25.09.2019 14:21:12 : Выход из приложения
25.09.2019 14:23:33 : Запуск приложения
25.09.2019 14:23:37 : Выход из приложения
