10.11.2019 15:13:31 : Процедура получения списка пользователей => Старт 
10.11.2019 15:13:40 : Удачное завершение поиска поиска. Результатов 1
10.11.2019 15:13:44 : Получено пустое значение поиска
10.11.2019 15:14:42 : Процедура получения списка пользователей => Старт 
10.11.2019 15:14:46 : Удачное завершение поиска поиска. Результатов 1
10.11.2019 15:14:49 : Удачное завершение поиска поиска. Результатов 6
10.11.2019 15:18:40 : Процедура получения списка пользователей => Старт 
10.11.2019 15:18:50 : Процедура добавления пользователя => Старт 
10.11.2019 15:18:50 : Директория пользователя 784564 создана
10.11.2019 15:18:50 : Пользователь успешно зарегистрирован
10.11.2019 15:19:34 : Процедура получения списка пользователей => Старт 
10.11.2019 15:19:44 : Процедура добавления пользователя => Старт 
10.11.2019 15:19:44 : Директория пользователя 9999999 создана
10.11.2019 15:19:45 : Пользователь успешно зарегистрирован
10.11.2019 15:20:31 : Процедура получения списка пользователей => Старт 
10.11.2019 15:20:38 : Процедура добавления пользователя => Старт 
10.11.2019 15:20:38 : Директория пользователя 111111 создана
10.11.2019 15:20:39 : Пользователь успешно зарегистрирован
10.11.2019 15:20:50 : Процедура модификации пользователя => Старт
10.11.2019 15:20:50 : Директория пользователя qqqqqqqqqqqqqqqqqqqq создана
10.11.2019 15:20:51 : Пользователь успешно зарегистрирован
10.11.2019 15:20:53 : Пользователь успешно зарегистрирован
10.11.2019 15:20:54 : Пользователь успешно зарегистрирован
10.11.2019 15:20:54 : Пользователь успешно зарегистрирован
10.11.2019 15:20:54 : Пользователь успешно зарегистрирован
10.11.2019 15:20:55 : Пользователь успешно зарегистрирован
10.11.2019 15:20:55 : Пользователь успешно зарегистрирован
10.11.2019 15:20:55 : Пользователь успешно зарегистрирован
10.11.2019 15:21:08 : Процедура получения списка пользователей => Старт 
10.11.2019 15:21:18 : Процедура модификации пользователя => Старт
10.11.2019 15:21:18 : Директория пользователя eeeeee создана
10.11.2019 15:21:19 : Пользователь успешно зарегистрирован
10.11.2019 15:21:19 : Пользователь успешно зарегистрирован
10.11.2019 15:21:20 : Пользователь успешно зарегистрирован
10.11.2019 15:21:20 : Пользователь успешно зарегистрирован
10.11.2019 15:21:21 : Пользователь успешно зарегистрирован
10.11.2019 15:21:21 : Пользователь успешно зарегистрирован
10.11.2019 15:21:21 : Пользователь успешно зарегистрирован
10.11.2019 15:21:22 : Пользователь успешно зарегистрирован
10.11.2019 15:21:22 : Пользователь успешно зарегистрирован
10.11.2019 15:22:32 : Процедура получения списка пользователей => Старт 
10.11.2019 15:22:42 : Процедура модификации пользователя => Старт
10.11.2019 15:22:42 : Директория пользователя 546356 создана
10.11.2019 15:22:46 : Пользователь успешно зарегистрирован
10.11.2019 15:22:59 : Процедура модификации пользователя => Старт
10.11.2019 15:22:59 : Директория пользователя ```````````````````` создана
10.11.2019 15:23:02 : Пользователь успешно зарегистрирован
10.11.2019 15:25:10 : Процедура получения списка пользователей => Старт 
10.11.2019 15:26:55 : Удачное завершение поиска поиска. Результатов 1
10.11.2019 15:26:59 : Удачное завершение поиска поиска. Результатов 9
10.11.2019 15:29:08 : Инциализация процедуры удаления позиции
10.11.2019 15:29:08 : Процедура удаления пользователя => Старт 
10.11.2019 15:29:10 : Инциализация процедуры удаления позиции
10.11.2019 15:29:11 : Процедура удаления пользователя => Старт 
10.11.2019 15:29:18 : Процедура получения списка пользователей => Старт 
10.11.2019 15:29:39 : Процедура добавления пользователя => Старт 
10.11.2019 15:29:40 : Пользователь существует
10.11.2019 15:31:12 : Инциализация процедуры выхода из программы
10.11.2019 15:31:13 : Процедура выхода из программы успешно завершена
10.11.2019 15:31:17 : Процедура получения списка пользователей => Старт 
10.11.2019 15:32:21 : Инциализация процедуры удаления позиции
10.11.2019 15:32:22 : Процедура удаления пользователя => Старт 
10.11.2019 15:32:22 : Инциализация процедуры выхода из программы
10.11.2019 15:32:23 : Процедура выхода из программы успешно завершена
10.11.2019 15:32:26 : Процедура получения списка пользователей => Старт 
10.11.2019 15:33:06 : Инциализация процедуры удаления позиции
10.11.2019 15:33:06 : Процедура удаления пользователя => Старт 
10.11.2019 15:33:08 : Инциализация процедуры удаления позиции
10.11.2019 15:33:08 : Процедура удаления пользователя => Старт 
10.11.2019 15:33:09 : Инциализация процедуры удаления позиции
10.11.2019 15:33:09 : Процедура удаления пользователя => Старт 
10.11.2019 15:33:10 : Инциализация процедуры удаления позиции
10.11.2019 15:33:10 : Процедура удаления пользователя => Старт 
10.11.2019 15:33:11 : Инциализация процедуры удаления позиции
10.11.2019 15:33:11 : Процедура удаления пользователя => Старт 
10.11.2019 15:33:12 : Инциализация процедуры удаления позиции
10.11.2019 15:33:13 : Процедура удаления пользователя => Старт 
10.11.2019 15:33:29 : Процедура получения списка пользователей => Старт 
10.11.2019 15:33:35 : Инциализация процедуры удаления позиции
10.11.2019 15:33:37 : Инциализация процедуры удаления позиции
10.11.2019 15:33:58 : Процедура получения списка пользователей => Старт 
10.11.2019 15:34:07 : Процедура добавления пользователя => Старт 
10.11.2019 15:34:07 : Директория пользователя test создана
10.11.2019 15:34:07 : Пользователь успешно зарегистрирован
10.11.2019 15:34:19 : Инциализация процедуры выхода из программы
10.11.2019 15:34:21 : Процедура выхода из программы отменена
10.11.2019 15:34:28 : Процедура добавления пользователя => Старт 
10.11.2019 15:34:28 : Директория пользователя test2 создана
10.11.2019 15:34:29 : Пользователь успешно зарегистрирован
10.11.2019 15:34:30 : Инциализация процедуры удаления позиции
10.11.2019 15:34:36 : Процедура удаления пользователя => Старт 
10.11.2019 15:35:47 : Инциализация процедуры удаления позиции
10.11.2019 15:36:34 : Процедура получения списка пользователей => Старт 
10.11.2019 15:37:33 : Процедура получения списка пользователей => Старт 
10.11.2019 15:37:38 : Процедура добавления пользователя => Старт 
10.11.2019 15:37:38 : Директория пользователя fdsgz создана
10.11.2019 15:37:39 : Пользователь успешно зарегистрирован
10.11.2019 15:37:42 : Процедура добавления пользователя => Старт 
10.11.2019 15:37:42 : Директория пользователя fg создана
10.11.2019 15:37:43 : Пользователь успешно зарегистрирован
10.11.2019 15:37:48 : Процедура добавления пользователя => Старт 
10.11.2019 15:37:48 : Директория пользователя qqqqqqq создана
10.11.2019 15:37:49 : Пользователь успешно зарегистрирован
10.11.2019 15:37:54 : Процедура добавления пользователя => Старт 
10.11.2019 15:37:54 : Директория пользователя aaaaaaaa создана
10.11.2019 15:37:55 : Пользователь успешно зарегистрирован
10.11.2019 15:38:00 : Инциализация процедуры выхода из программы
10.11.2019 15:38:01 : Процедура выхода из программы успешно завершена
10.11.2019 15:39:12 : Процедура получения списка пользователей => Старт 
10.11.2019 15:39:20 : Удачное завершение поиска поиска. Результатов 1
10.11.2019 15:39:28 : Удачное завершение поиска поиска. Результатов 2
10.11.2019 15:39:28 : Удачное завершение поиска поиска. Результатов 4
10.11.2019 15:39:29 : Удачное завершение поиска поиска. Результатов 6
10.11.2019 15:39:29 : Удачное завершение поиска поиска. Результатов 8
10.11.2019 15:39:30 : Удачное завершение поиска поиска. Результатов 10
10.11.2019 15:39:30 : Удачное завершение поиска поиска. Результатов 12
10.11.2019 15:39:30 : Удачное завершение поиска поиска. Результатов 14
10.11.2019 15:39:30 : Удачное завершение поиска поиска. Результатов 16
10.11.2019 15:39:31 : Удачное завершение поиска поиска. Результатов 18
10.11.2019 15:39:31 : Удачное завершение поиска поиска. Результатов 20
10.11.2019 15:39:31 : Удачное завершение поиска поиска. Результатов 22
10.11.2019 15:39:32 : Удачное завершение поиска поиска. Результатов 24
10.11.2019 15:39:32 : Удачное завершение поиска поиска. Результатов 26
10.11.2019 15:39:32 : Удачное завершение поиска поиска. Результатов 28
10.11.2019 15:39:32 : Удачное завершение поиска поиска. Результатов 30
10.11.2019 15:39:34 : Удачное завершение поиска поиска. Результатов 32
10.11.2019 15:39:34 : Удачное завершение поиска поиска. Результатов 34
10.11.2019 15:39:35 : Удачное завершение поиска поиска. Результатов 36
10.11.2019 15:39:35 : Удачное завершение поиска поиска. Результатов 38
10.11.2019 15:39:35 : Удачное завершение поиска поиска. Результатов 40
10.11.2019 15:39:35 : Удачное завершение поиска поиска. Результатов 42
10.11.2019 15:39:35 : Удачное завершение поиска поиска. Результатов 44
10.11.2019 15:39:35 : Удачное завершение поиска поиска. Результатов 46
10.11.2019 15:39:35 : Удачное завершение поиска поиска. Результатов 48
10.11.2019 15:39:35 : Удачное завершение поиска поиска. Результатов 50
10.11.2019 15:39:36 : Удачное завершение поиска поиска. Результатов 52
10.11.2019 15:39:36 : Удачное завершение поиска поиска. Результатов 54
10.11.2019 15:39:36 : Удачное завершение поиска поиска. Результатов 56
10.11.2019 15:39:36 : Удачное завершение поиска поиска. Результатов 58
10.11.2019 15:39:36 : Удачное завершение поиска поиска. Результатов 60
10.11.2019 15:39:36 : Удачное завершение поиска поиска. Результатов 62
10.11.2019 15:39:37 : Удачное завершение поиска поиска. Результатов 64
10.11.2019 15:39:37 : Удачное завершение поиска поиска. Результатов 66
10.11.2019 15:39:37 : Удачное завершение поиска поиска. Результатов 68
10.11.2019 15:39:37 : Удачное завершение поиска поиска. Результатов 70
10.11.2019 15:39:37 : Удачное завершение поиска поиска. Результатов 72
10.11.2019 15:39:37 : Удачное завершение поиска поиска. Результатов 74
10.11.2019 15:39:37 : Удачное завершение поиска поиска. Результатов 76
10.11.2019 15:39:37 : Удачное завершение поиска поиска. Результатов 78
10.11.2019 15:39:38 : Удачное завершение поиска поиска. Результатов 80
10.11.2019 15:39:38 : Удачное завершение поиска поиска. Результатов 82
10.11.2019 15:39:38 : Удачное завершение поиска поиска. Результатов 84
10.11.2019 15:39:38 : Удачное завершение поиска поиска. Результатов 86
10.11.2019 15:39:38 : Удачное завершение поиска поиска. Результатов 88
10.11.2019 15:39:38 : Удачное завершение поиска поиска. Результатов 90
10.11.2019 15:39:38 : Удачное завершение поиска поиска. Результатов 92
10.11.2019 15:39:38 : Удачное завершение поиска поиска. Результатов 94
10.11.2019 15:39:39 : Удачное завершение поиска поиска. Результатов 96
10.11.2019 15:39:39 : Удачное завершение поиска поиска. Результатов 98
10.11.2019 15:39:39 : Удачное завершение поиска поиска. Результатов 100
10.11.2019 15:39:39 : Удачное завершение поиска поиска. Результатов 102
10.11.2019 15:39:39 : Удачное завершение поиска поиска. Результатов 104
10.11.2019 15:39:39 : Удачное завершение поиска поиска. Результатов 106
10.11.2019 15:39:40 : Удачное завершение поиска поиска. Результатов 108
10.11.2019 15:39:40 : Удачное завершение поиска поиска. Результатов 110
10.11.2019 15:39:40 : Удачное завершение поиска поиска. Результатов 112
10.11.2019 15:39:41 : Удачное завершение поиска поиска. Результатов 114
10.11.2019 15:39:41 : Удачное завершение поиска поиска. Результатов 116
10.11.2019 15:39:41 : Удачное завершение поиска поиска. Результатов 118
10.11.2019 15:39:41 : Удачное завершение поиска поиска. Результатов 120
10.11.2019 15:39:41 : Удачное завершение поиска поиска. Результатов 122
10.11.2019 15:39:41 : Удачное завершение поиска поиска. Результатов 124
10.11.2019 15:39:41 : Удачное завершение поиска поиска. Результатов 126
10.11.2019 15:39:41 : Удачное завершение поиска поиска. Результатов 128
10.11.2019 15:39:43 : Инциализация процедуры выхода из программы
10.11.2019 15:39:43 : Процедура выхода из программы успешно завершена
10.11.2019 15:39:46 : Процедура получения списка пользователей => Старт 
10.11.2019 15:40:27 : Процедура получения списка пользователей => Старт 
10.11.2019 15:40:33 : Удачное завершение поиска поиска. Результатов 2
10.11.2019 15:40:33 : Удачное завершение поиска поиска. Результатов 2
10.11.2019 15:40:33 : Удачное завершение поиска поиска. Результатов 2
10.11.2019 15:40:33 : Удачное завершение поиска поиска. Результатов 2
10.11.2019 15:40:33 : Удачное завершение поиска поиска. Результатов 2
10.11.2019 15:40:34 : Удачное завершение поиска поиска. Результатов 2
10.11.2019 15:40:34 : Удачное завершение поиска поиска. Результатов 2
10.11.2019 15:40:34 : Удачное завершение поиска поиска. Результатов 2
10.11.2019 15:40:34 : Удачное завершение поиска поиска. Результатов 2
10.11.2019 15:40:34 : Удачное завершение поиска поиска. Результатов 2
10.11.2019 15:40:35 : Удачное завершение поиска поиска. Результатов 2
10.11.2019 15:40:35 : Удачное завершение поиска поиска. Результатов 2
10.11.2019 15:40:39 : Инциализация процедуры удаления позиции
10.11.2019 15:40:40 : Процедура удаления пользователя => Старт 
10.11.2019 15:40:41 : Инциализация процедуры удаления позиции
10.11.2019 15:40:42 : Процедура удаления пользователя => Старт 
10.11.2019 15:40:48 : Инциализация процедуры удаления позиции
10.11.2019 15:40:48 : Процедура удаления пользователя => Старт 
10.11.2019 15:40:49 : Инциализация процедуры удаления позиции
10.11.2019 15:40:50 : Процедура удаления пользователя => Старт 
10.11.2019 15:40:51 : Инциализация процедуры удаления позиции
10.11.2019 15:40:52 : Процедура удаления пользователя => Старт 
10.11.2019 15:40:52 : Инциализация процедуры удаления позиции
10.11.2019 15:40:52 : Инциализация процедуры удаления позиции
10.11.2019 15:40:52 : Инциализация процедуры удаления позиции
10.11.2019 15:40:53 : Инциализация процедуры удаления позиции
10.11.2019 15:40:59 : Инциализация процедуры выхода из программы
10.11.2019 15:40:59 : Процедура выхода из программы успешно завершена
10.11.2019 15:53:11 : Процедура получения списка пользователей => Старт 
10.11.2019 15:53:19 : Хеш-последовательность успешно получена
10.11.2019 15:53:19 : Процедура добавления пользователя => Старт 
10.11.2019 15:53:19 : Директория пользователя test создана
10.11.2019 15:53:20 : Пользователь успешно зарегистрирован
10.11.2019 15:53:56 : Инциализация процедуры удаления позиции
10.11.2019 15:53:57 : Процедура удаления пользователя => Старт 
10.11.2019 15:55:00 : Процедура получения списка пользователей => Старт 
10.11.2019 15:55:08 : Хеш-последовательность успешно получена
10.11.2019 15:55:08 : Процедура добавления пользователя => Старт 
10.11.2019 15:55:08 : Директория пользователя test создана
10.11.2019 15:55:09 : Пользователь успешно зарегистрирован
10.11.2019 15:55:33 : Процедура получения списка пользователей => Старт 
10.11.2019 15:55:46 : Процедура получения списка пользователей => Старт 
10.11.2019 15:56:26 : Процедура получения списка пользователей => Старт 
10.11.2019 15:56:36 : Процедура получения списка пользователей => Старт 
10.11.2019 15:57:22 : Процедура получения списка пользователей => Старт 
10.11.2019 19:17:35 : Процедура получения списка пользователей => Старт 
10.11.2019 19:17:37 : Директория хранения данных пользователей не найдена
10.11.2019 19:17:42 : Инциализация процедуры выхода из программы
10.11.2019 19:17:43 : Процедура выхода из программы успешно завершена
