02.12.2019 16:10:24 : Инциализация процедуры выхода из программы
02.12.2019 16:10:25 : Процедура выхода из программы успешно завершена
02.12.2019 16:10:25 : Процедура получения списка пользователей => Старт
02.12.2019 16:18:06 : Инциализация процедуры настройки программы
02.12.2019 16:18:13 : Необходмо установить данные восстановления
02.12.2019 16:18:13 : Процедура получения списка пользователей => Старт
02.12.2019 16:18:44 : Инциализация процедуры настройки программы
02.12.2019 16:19:02 : Необходмо установить данные восстановления
02.12.2019 16:19:02 : Процедура получения списка пользователей => Старт
02.12.2019 16:21:34 : Инциализация процедуры настройки программы
02.12.2019 16:21:44 : Необходмо установить данные восстановления
02.12.2019 16:21:44 : Необходмо установить данные восстановления
02.12.2019 16:22:12 : Инциализация процедуры настройки программы
02.12.2019 16:22:20 : Необходмо установить данные восстановления
02.12.2019 16:22:27 : Необходмо установить данные восстановления
02.12.2019 16:23:28 : Инциализация процедуры настройки программы
02.12.2019 16:24:34 : Инциализация процедуры настройки программы
02.12.2019 16:25:52 : Инциализация процедуры настройки программы
02.12.2019 16:26:08 : Инциализация процедуры настройки программы
02.12.2019 16:27:24 : Инциализация процедуры настройки программы
02.12.2019 16:27:31 : Необходмо установить данные восстановления
02.12.2019 16:27:31 : Процедура получения списка пользователей => Старт
02.12.2019 16:28:16 : Инциализация процедуры настройки программы
02.12.2019 16:28:50 : Инциализация процедуры настройки программы
02.12.2019 16:29:01 : Инциализация процедуры настройки программы
02.12.2019 16:29:19 : Инциализация процедуры настройки программы
02.12.2019 16:29:24 : Необходмо установить данные восстановления
02.12.2019 16:29:24 : Процедура получения списка пользователей => Старт
02.12.2019 16:29:39 : Инциализация процедуры настройки программы
02.12.2019 16:30:32 : Получено пустое значние директории Reg
02.12.2019 16:30:35 : Получено пустое значние директории Reg
02.12.2019 16:31:16 : Инциализация процедуры выхода из программы
02.12.2019 16:31:17 : Процедура выхода из программы успешно завершена
02.12.2019 16:31:17 : Процедура получения списка пользователей => Старт
02.12.2019 16:31:27 : Инциализация процедуры настройки программы
02.12.2019 16:31:29 : Получено пустое значние директории Reg
02.12.2019 16:31:33 : Указать путь к директории регистрации не существует
02.12.2019 16:32:58 : Инциализация процедуры настройки программы
02.12.2019 16:33:21 : Данные успешно сохранен
02.12.2019 16:33:21 : Пути успешно указаны
02.12.2019 16:33:32 : Процедура получения списка пользователей => Старт
02.12.2019 16:34:09 : Инциализация процедуры настройки программы
02.12.2019 16:34:23 : Данные успешно сохранен
02.12.2019 16:34:23 : Пути успешно указаны
02.12.2019 16:34:32 : Получено пустое значние пароля
02.12.2019 16:34:35 : Длина пароля менеее 6 символов
02.12.2019 16:34:46 : Пароль успешно сохранен
02.12.2019 16:34:46 : Ключ успешно получен
02.12.2019 16:34:46 : Ключ успешно получен
02.12.2019 16:34:46 : Шифрование пароля завершено успешно
02.12.2019 16:34:47 : Шифрование пароля завершено успешно
02.12.2019 16:34:47 : Хеш-последовательность успешно получена
02.12.2019 16:34:47 : Процедуры настройки программы завершена
02.12.2019 16:34:47 : Процедура получения списка пользователей => Старт
02.12.2019 16:34:49 : Инциализация процедуры выхода из программы
02.12.2019 16:34:49 : Процедура выхода из программы успешно завершена
02.12.2019 16:34:55 : Хеш-последовательность успешно получена
02.12.2019 16:34:55 : Процедура получения списка пользователей => Старт
02.12.2019 16:36:39 : Хеш-последовательность успешно получена
02.12.2019 16:36:39 : Процедура получения списка пользователей => Старт
02.12.2019 16:36:41 : Инциализация процедуры выхода из программы
02.12.2019 16:36:42 : Процедура выхода из программы успешно завершена
02.12.2019 16:37:29 : Инциализация процедуры выхода из программы
02.12.2019 16:37:30 : Процедура выхода из программы успешно завершена
02.12.2019 16:37:30 : Процедура получения списка пользователей => Старт
