05.12.2019 19:43:35 : Инциализация процедуры настройки программы
05.12.2019 19:43:53 : Данные успешно сохранен
05.12.2019 19:43:53 : Пути успешно указаны
05.12.2019 19:43:56 : Пароль успешно сохранен
05.12.2019 19:43:56 : Ключ успешно получен
05.12.2019 19:43:56 : Ключ успешно получен
05.12.2019 19:43:56 : Шифрование пароля завершено успешно
05.12.2019 19:43:56 : Шифрование пароля завершено успешно
05.12.2019 19:43:56 : Хеш-последовательность успешно получена
05.12.2019 19:43:57 : Процедуры настройки программы завершена
05.12.2019 19:43:57 : Процедура получения списка пользователей => Старт
05.12.2019 19:43:58 : Директория хранения данных пользователей не найдена
05.12.2019 19:44:04 : Хеш-последовательность успешно получена
05.12.2019 19:44:04 : Процедура получения списка пользователей => Старт
05.12.2019 19:44:25 : Хеш-последовательность успешно получена
05.12.2019 19:44:25 : Процедура получения списка пользователей => Старт
05.12.2019 19:44:38 : Хеш-последовательность успешно получена
05.12.2019 19:44:38 : Процедура модификации пользователя => Старт
05.12.2019 19:44:38 : Директория пользователя test1 создана
05.12.2019 19:51:46 : Пользователь успешно зарегистрирован
05.12.2019 19:53:29 : Получен неправильный пароль
05.12.2019 19:53:32 : Хеш-последовательность успешно получена
05.12.2019 19:53:32 : Процедура получения списка пользователей => Старт
05.12.2019 19:53:43 : Хеш-последовательность успешно получена
05.12.2019 19:53:43 : Процедура модификации пользователя => Старт
05.12.2019 19:53:43 : Директория пользователя test2 создана
05.12.2019 19:53:45 : Пользователь успешно зарегистрирован
05.12.2019 19:54:02 : Хеш-последовательность успешно получена
05.12.2019 19:54:02 : Процедура модификации пользователя => Старт
05.12.2019 19:54:02 : Директория пользователя test3 создана
