09.11.2019 14:32:49 : Выход из приложения
09.11.2019 15:36:42 : Процедура получения списка пользователей => Старт 
09.11.2019 15:36:45 : Директория хранения данных пользователей не найдена
09.11.2019 15:36:52 : Процедура получения списка пользователей => Старт 
09.11.2019 15:37:29 : Процедура получения списка пользователей => Старт 
09.11.2019 15:38:49 : Процедура получения списка пользователей => Старт 
09.11.2019 15:39:13 : Процедура получения списка пользователей => Старт 
09.11.2019 15:39:55 : Процедура получения списка пользователей => Старт 
09.11.2019 15:42:30 : Процедура получения списка пользователей => Старт 
09.11.2019 16:13:51 : Процедура получения списка пользователей => Старт 
09.11.2019 16:13:57 : Удачное завершение поиска поиска. Результатов 4
09.11.2019 16:14:08 : Удачное завершение поиска поиска. Результатов 8
09.11.2019 16:14:17 : Процедура получения списка пользователей => Старт 
09.11.2019 16:14:19 : Удачное завершение поиска поиска. Результатов 3
09.11.2019 16:14:25 : Удачное завершение поиска поиска. Результатов 6
09.11.2019 16:14:26 : Удачное завершение поиска поиска. Результатов 9
09.11.2019 16:14:26 : Удачное завершение поиска поиска. Результатов 12
09.11.2019 16:14:29 : Удачное завершение поиска поиска. Результатов 14
09.11.2019 16:14:30 : Удачное завершение поиска поиска. Результатов 16
09.11.2019 16:14:30 : Удачное завершение поиска поиска. Результатов 18
09.11.2019 16:14:30 : Удачное завершение поиска поиска. Результатов 20
09.11.2019 16:14:30 : Удачное завершение поиска поиска. Результатов 22
09.11.2019 16:14:30 : Удачное завершение поиска поиска. Результатов 24
09.11.2019 16:14:32 : Удачное завершение поиска поиска. Результатов 26
09.11.2019 16:14:32 : Удачное завершение поиска поиска. Результатов 28
09.11.2019 16:14:33 : Удачное завершение поиска поиска. Результатов 30
09.11.2019 16:14:41 : Удачное завершение поиска поиска. Результатов 32
09.11.2019 16:14:44 : Процедура получения списка пользователей => Старт 
09.11.2019 16:14:47 : Удачное завершение поиска поиска. Результатов 2
09.11.2019 16:14:53 : Процедура получения списка пользователей => Старт 
09.11.2019 16:14:58 : Удачное завершение поиска поиска. Результатов 2
09.11.2019 16:15:02 : Процедура получения списка пользователей => Старт 
09.11.2019 16:15:06 : Удачное завершение поиска поиска. Результатов 2
09.11.2019 16:15:09 : Процедура получения списка пользователей => Старт 
09.11.2019 16:15:12 : Удачное завершение поиска поиска. Результатов 3
09.11.2019 16:15:15 : Удачное завершение поиска поиска. Результатов 4
09.11.2019 16:17:01 : Процедура получения списка пользователей => Старт 
09.11.2019 16:17:05 : Удачное завершение поиска поиска. Результатов 1
09.11.2019 16:17:10 : Удачное завершение поиска поиска. Результатов 1
09.11.2019 16:17:15 : Удачное завершение поиска поиска. Результатов 3
09.11.2019 16:17:18 : Удачное завершение поиска поиска. Результатов 1
09.11.2019 16:17:21 : Удачное завершение поиска поиска. Результатов 3
09.11.2019 16:17:22 : Удачное завершение поиска поиска. Результатов 6
09.11.2019 16:17:28 : Процедура получения списка пользователей => Старт 
09.11.2019 16:17:39 : Процедура получения списка пользователей => Старт 
09.11.2019 16:17:47 : Получено пустое значение поиска
09.11.2019 16:17:48 : Получено пустое значение поиска
09.11.2019 16:17:51 : Получено пустое значение поиска
09.11.2019 16:18:00 : Процедура получения списка пользователей => Старт 
09.11.2019 16:18:01 : Инциализация процедуры выхода из программы
09.11.2019 16:18:03 : Процедура выхода из программы успешно завершена
09.11.2019 16:24:48 : Процедура получения списка пользователей => Старт 
09.11.2019 16:26:16 : Процедура получения списка пользователей => Старт 
09.11.2019 16:26:45 : Процедура получения списка пользователей => Старт 
09.11.2019 16:29:59 : Процедура получения списка пользователей => Старт 
09.11.2019 16:30:02 : Инциализация процедуры удаления позиции
09.11.2019 16:30:45 : Процедура получения списка пользователей => Старт 
09.11.2019 16:30:47 : Инциализация процедуры удаления позиции
09.11.2019 16:31:10 : Инциализация процедуры удаления позиции
09.11.2019 16:31:13 : Инциализация процедуры удаления позиции
09.11.2019 16:31:21 : Процедура получения списка пользователей => Старт 
09.11.2019 16:31:23 : Инциализация процедуры удаления позиции
09.11.2019 16:33:13 : Процедура получения списка пользователей => Старт 
09.11.2019 16:33:14 : Инциализация процедуры удаления позиции
09.11.2019 16:33:25 : Процедура получения списка пользователей => Старт 
09.11.2019 16:33:27 : Инциализация процедуры удаления позиции
09.11.2019 16:52:35 : Процедура получения списка пользователей => Старт 
09.11.2019 16:53:33 : Инциализация процедуры удаления позиции
09.11.2019 16:53:37 : Инциализация процедуры выхода из программы
09.11.2019 16:53:38 : Процедура выхода из программы успешно завершена
09.11.2019 16:53:41 : Процедура получения списка пользователей => Старт 
09.11.2019 16:54:25 : Процедура получения списка пользователей => Старт 
09.11.2019 16:54:27 : Инциализация процедуры удаления позиции
09.11.2019 16:54:28 : Процедура удаления пользователя => Старт 
09.11.2019 16:54:55 : Процедура получения списка пользователей => Старт 
09.11.2019 16:54:58 : Инциализация процедуры удаления позиции
09.11.2019 16:55:00 : Процедура удаления пользователя => Старт 
09.11.2019 16:55:30 : Процедура получения списка пользователей => Старт 
09.11.2019 16:55:32 : Инциализация процедуры удаления позиции
09.11.2019 16:55:33 : Процедура удаления пользователя => Старт 
09.11.2019 16:55:34 : Инциализация процедуры выхода из программы
09.11.2019 16:55:35 : Процедура выхода из программы успешно завершена
09.11.2019 16:55:38 : Процедура получения списка пользователей => Старт 
09.11.2019 16:55:59 : Процедура получения списка пользователей => Старт 
09.11.2019 16:56:01 : Инциализация процедуры удаления позиции
09.11.2019 16:56:02 : Процедура удаления пользователя => Старт 
09.11.2019 16:56:05 : Инциализация процедуры выхода из программы
09.11.2019 16:56:07 : Процедура выхода из программы успешно завершена
09.11.2019 17:29:34 : Процедура получения списка пользователей => Старт 
09.11.2019 17:31:02 : Инциализация процедуры выхода из программы
09.11.2019 17:31:02 : Процедура выхода из программы успешно завершена
09.11.2019 17:33:17 : Процедура получения списка пользователей => Старт 
09.11.2019 17:33:24 : Процедура модификации пользователя => Старт
09.11.2019 17:33:24 : Директория пользователя PositionForm создана
09.11.2019 17:33:25 : Пользователь успешно зарегистрирован
09.11.2019 17:33:26 : Пользователь успешно зарегистрирован
09.11.2019 17:33:27 : Инциализация процедуры выхода из программы
09.11.2019 17:33:28 : Процедура выхода из программы успешно завершена
09.11.2019 17:34:34 : Процедура получения списка пользователей => Старт 
09.11.2019 17:34:44 : Процедура модификации пользователя => Старт
09.11.2019 17:34:46 : Пользователь существует
09.11.2019 17:35:12 : Процедура модификации пользователя => Старт
09.11.2019 17:35:13 : Пользователь существует
09.11.2019 17:35:20 : Процедура модификации пользователя => Старт
09.11.2019 17:35:22 : Пользователь существует
09.11.2019 17:35:35 : Процедура получения списка пользователей => Старт 
09.11.2019 17:35:47 : Процедура получения списка пользователей => Старт 
09.11.2019 17:36:51 : Процедура получения списка пользователей => Старт 
09.11.2019 17:37:13 : Процедура модификации пользователя => Старт
09.11.2019 17:38:03 : Директория пользователя uuuu создана
09.11.2019 17:38:15 : Пользователь успешно зарегистрирован
09.11.2019 17:39:02 : Процедура получения списка пользователей => Старт 
09.11.2019 17:40:17 : Процедура получения списка пользователей => Старт 
09.11.2019 17:40:29 : Процедура модификации пользователя => Старт
09.11.2019 17:40:29 : Директория пользователя zzzzzzzzzzz создана
09.11.2019 17:40:31 : Пользователь успешно зарегистрирован
09.11.2019 17:40:32 : Пользователь успешно зарегистрирован
09.11.2019 17:40:33 : Пользователь успешно зарегистрирован
09.11.2019 17:40:33 : Пользователь успешно зарегистрирован
09.11.2019 17:41:41 : Инциализация процедуры выхода из программы
09.11.2019 17:41:43 : Процедура выхода из программы успешно завершена
09.11.2019 17:42:22 : Процедура получения списка пользователей => Старт 
09.11.2019 17:42:34 : Процедура модификации пользователя => Старт
09.11.2019 17:42:34 : Директория пользователя yyyyy создана
09.11.2019 17:42:35 : Пользователь успешно зарегистрирован
09.11.2019 17:42:35 : Пользователь успешно зарегистрирован
09.11.2019 17:42:36 : Пользователь успешно зарегистрирован
09.11.2019 17:42:36 : Пользователь успешно зарегистрирован
09.11.2019 17:52:05 : Процедура получения списка пользователей => Старт 
09.11.2019 17:52:21 : Процедура добавления пользователя => Старт 
09.11.2019 17:52:21 : Директория пользователя test создана
09.11.2019 17:52:22 : Пользователь успешно зарегистрирован
09.11.2019 17:52:28 : Инциализация процедуры выхода из программы
09.11.2019 17:52:29 : Процедура выхода из программы успешно завершена
09.11.2019 17:54:50 : Процедура получения списка пользователей => Старт 
09.11.2019 17:54:51 : Инциализация процедуры выхода из программы
09.11.2019 17:54:52 : Процедура выхода из программы успешно завершена
