04.12.2019 11:56:11 : Дешифрование пароля завершено успешно
04.12.2019 11:56:13 : Инциализация процедуры выхода из программы
04.12.2019 11:56:14 : Процедура выхода из программы успешно завершена
04.12.2019 11:56:14 : Процедура получения списка пользователей => Старт
04.12.2019 11:56:14 : Директория хранения данных пользователей не найдена
04.12.2019 11:58:08 : Хеш-последовательность успешно получена
04.12.2019 11:58:09 : Получен пароль
04.12.2019 11:58:14 : Хеш-последовательность успешно получена
04.12.2019 11:58:15 : Получен пароль
04.12.2019 11:58:15 : Дешифрование пароля завершено успешно
04.12.2019 11:58:18 : Хеш-последовательность успешно получена
04.12.2019 11:58:19 : Неправильное секретное слово
04.12.2019 11:58:23 : Дешифрование пароля завершено успешно
04.12.2019 11:58:51 : Инциализация процедуры настройки программы
04.12.2019 11:59:23 : Данные успешно сохранен
04.12.2019 11:59:23 : Пути успешно указаны
04.12.2019 11:59:27 : Пароль успешно сохранен
04.12.2019 11:59:27 : Ключ успешно получен
04.12.2019 11:59:27 : Ключ успешно получен
04.12.2019 11:59:27 : Шифрование пароля завершено успешно
04.12.2019 11:59:27 : Шифрование пароля завершено успешно
04.12.2019 11:59:27 : Хеш-последовательность успешно получена
04.12.2019 11:59:27 : Процедуры настройки программы завершена
04.12.2019 11:59:27 : Процедура получения списка пользователей => Старт
04.12.2019 11:59:29 : Директория хранения данных пользователей не найдена
04.12.2019 12:02:26 : Инциализация процедуры выхода из программы
04.12.2019 12:02:26 : Процедура выхода из программы успешно завершена
04.12.2019 12:02:26 : Процедура получения списка пользователей => Старт
04.12.2019 12:14:22 : Инциализация процедуры настройки программы
04.12.2019 12:14:58 : Данные успешно сохранен
04.12.2019 12:14:58 : Пути успешно указаны
04.12.2019 12:15:02 : Пароль успешно сохранен
04.12.2019 12:15:02 : Ключ успешно получен
04.12.2019 12:15:02 : Ключ успешно получен
04.12.2019 12:15:02 : Шифрование пароля завершено успешно
04.12.2019 12:15:02 : Шифрование пароля завершено успешно
04.12.2019 12:15:02 : Хеш-последовательность успешно получена
04.12.2019 12:15:02 : Процедуры настройки программы завершена
04.12.2019 12:15:02 : Процедура получения списка пользователей => Старт
04.12.2019 12:15:03 : Директория хранения данных пользователей не найдена
04.12.2019 12:15:44 : Хеш-последовательность успешно получена
04.12.2019 12:15:44 : Процедура получения списка пользователей => Старт
04.12.2019 12:15:52 : Хеш-последовательность успешно получена
04.12.2019 12:15:52 : Процедура модификации пользователя => Старт
04.12.2019 12:15:52 : Директория пользователя Domen создана
04.12.2019 12:16:50 : Хеш-последовательность успешно получена
04.12.2019 12:16:50 : Получен пароль
04.12.2019 12:16:54 : Хеш-последовательность успешно получена
04.12.2019 12:16:54 : Процедура получения списка пользователей => Старт
04.12.2019 12:17:07 : Хеш-последовательность успешно получена
04.12.2019 12:17:07 : Процедура добавления пользователя => Старт 
04.12.2019 12:17:07 : Директория пользователя Test создана
04.12.2019 12:17:08 : Пользователь успешно зарегистрирован
04.12.2019 12:18:08 : Хеш-последовательность успешно получена
04.12.2019 12:18:08 : Процедура получения списка пользователей => Старт
04.12.2019 12:18:16 : Хеш-последовательность успешно получена
04.12.2019 12:18:16 : Процедура модификации пользователя => Старт
04.12.2019 12:18:16 : Директория пользователя test создана
04.12.2019 12:22:04 : Хеш-последовательность успешно получена
04.12.2019 12:22:04 : Процедура получения списка пользователей => Старт
04.12.2019 12:22:13 : Хеш-последовательность успешно получена
04.12.2019 12:22:13 : Процедура модификации пользователя => Старт
04.12.2019 12:22:13 : Директория пользователя domen создана
04.12.2019 12:22:14 : Пользователь успешно зарегистрирован
04.12.2019 12:29:38 : Хеш-последовательность успешно получена
04.12.2019 12:29:38 : Процедура получения списка пользователей => Старт
04.12.2019 12:29:47 : Хеш-последовательность успешно получена
04.12.2019 12:29:47 : Процедура модификации пользователя => Старт
04.12.2019 12:29:47 : Директория пользователя test создана
04.12.2019 12:29:48 : Пользователь успешно зарегистрирован
04.12.2019 12:33:10 : Хеш-последовательность успешно получена
04.12.2019 12:33:10 : Процедура получения списка пользователей => Старт
04.12.2019 12:33:25 : Хеш-последовательность успешно получена
04.12.2019 12:33:26 : Получен пароль
04.12.2019 12:33:29 : Хеш-последовательность успешно получена
04.12.2019 12:33:29 : Процедура получения списка пользователей => Старт
04.12.2019 12:33:37 : Хеш-последовательность успешно получена
04.12.2019 12:33:37 : Процедура модификации пользователя => Старт
04.12.2019 12:33:37 : Директория пользователя Test создана
04.12.2019 12:39:44 : Логин test успешно найден
04.12.2019 12:39:44 : Хеш-последовательность успешно получена
04.12.2019 12:39:44 : Пользователь test успешно авторизовался
04.12.2019 12:39:44 : Процедура получения позиций пользователя => Старт 
04.12.2019 12:39:44 : Конвертация позиций => Успешно 
04.12.2019 12:39:44 : Визуализация позиций => Успешно 
04.12.2019 12:39:45 : Инициализация процедуры добавления позиции
04.12.2019 12:39:47 : Ключ успешно получен
04.12.2019 12:39:47 : Шифрование пароля завершено успешно
04.12.2019 12:39:47 : Позиция пользователя успешно сохранена
04.12.2019 12:39:48 : Добавление позиции завершено успешно
04.12.2019 12:39:48 : Инициализация процедуры добавления позиции
04.12.2019 12:39:50 : Ключ успешно получен
04.12.2019 12:39:50 : Шифрование пароля завершено успешно
04.12.2019 12:39:50 : Позиция пользователя успешно сохранена
04.12.2019 12:39:51 : Добавление позиции завершено успешно
04.12.2019 12:39:52 : Инициализация процедуры добавления позиции
04.12.2019 12:39:54 : Ключ успешно получен
04.12.2019 12:39:54 : Шифрование пароля завершено успешно
04.12.2019 12:39:54 : Позиция пользователя успешно сохранена
04.12.2019 12:39:54 : Добавление позиции завершено успешно
04.12.2019 12:39:56 : Инциализация процедуры выхода из программы
04.12.2019 12:39:56 : Процедура выхода из программы успешно завершена
04.12.2019 13:10:41 : Логин test успешно найден
04.12.2019 13:10:41 : Хеш-последовательность успешно получена
04.12.2019 13:10:41 : Пользователь test успешно авторизовался
04.12.2019 13:10:41 : Процедура получения позиций пользователя => Старт 
04.12.2019 13:10:41 : Дешифрование пароля завершено успешно
04.12.2019 13:10:41 : Дешифрование пароля завершено успешно
04.12.2019 13:10:41 : Дешифрование пароля завершено успешно
04.12.2019 13:10:41 : Конвертация позиций => Успешно 
04.12.2019 13:10:41 : Визуализация позиций => Успешно 
04.12.2019 13:13:29 : Логин dest успешно найден
04.12.2019 13:13:29 : Хеш-последовательность успешно получена
04.12.2019 13:13:29 : Пользователь dest успешно авторизовался
04.12.2019 13:13:30 : Процедура получения позиций пользователя => Старт 
04.12.2019 13:13:30 : Конвертация позиций => Успешно 
04.12.2019 13:13:30 : Визуализация позиций => Успешно 
04.12.2019 13:13:35 : Инициализация процедуры добавления позиции
04.12.2019 13:13:40 : Ключ успешно получен
04.12.2019 13:13:40 : Шифрование пароля завершено успешно
04.12.2019 13:13:40 : Позиция пользователя успешно сохранена
04.12.2019 13:13:41 : Добавление позиции завершено успешно
04.12.2019 13:14:50 : Логин dest успешно найден
04.12.2019 13:14:50 : Хеш-последовательность успешно получена
04.12.2019 13:14:50 : Пользователь dest успешно авторизовался
04.12.2019 13:14:50 : Процедура получения позиций пользователя => Старт 
04.12.2019 13:14:50 : Дешифрование пароля завершено успешно
04.12.2019 13:14:50 : Дешифрование пароля завершено успешно
04.12.2019 13:14:50 : Дешифрование пароля завершено успешно
04.12.2019 13:14:50 : Дешифрование пароля завершено успешно
04.12.2019 13:14:50 : Конвертация позиций => Успешно 
04.12.2019 13:14:50 : Визуализация позиций => Успешно 
04.12.2019 13:15:24 : Логин test успешно найден
04.12.2019 13:15:24 : Хеш-последовательность успешно получена
04.12.2019 13:15:24 : Пользователь test успешно авторизовался
04.12.2019 13:15:24 : Процедура получения позиций пользователя => Старт 
04.12.2019 13:15:24 : Дешифрование пароля завершено успешно
04.12.2019 13:15:24 : Дешифрование пароля завершено успешно
04.12.2019 13:15:24 : Дешифрование пароля завершено успешно
04.12.2019 13:15:24 : Дешифрование пароля завершено успешно
04.12.2019 13:15:24 : Конвертация позиций => Успешно 
04.12.2019 13:15:24 : Визуализация позиций => Успешно 
04.12.2019 13:15:31 : Инциализация процедуры смены пользователя
04.12.2019 13:15:32 : Процедура смены пользователя успешно завершена
04.12.2019 13:15:35 : Логин test успешно найден
04.12.2019 13:15:35 : Хеш-последовательность успешно получена
04.12.2019 13:15:35 : Пользователь test успешно авторизовался
04.12.2019 13:15:35 : Процедура получения позиций пользователя => Старт 
04.12.2019 13:15:35 : Дешифрование пароля завершено успешно
04.12.2019 13:15:35 : Дешифрование пароля завершено успешно
04.12.2019 13:15:35 : Дешифрование пароля завершено успешно
04.12.2019 13:15:35 : Дешифрование пароля завершено успешно
04.12.2019 13:15:35 : Конвертация позиций => Успешно 
04.12.2019 13:15:35 : Визуализация позиций => Успешно 
