23.11.2019 16:46:05 : Процедура получения списка пользователей => Старт 
23.11.2019 16:46:07 : Директория хранения данных пользователей не найдена
23.11.2019 16:46:13 : Инциализация процедуры выхода из программы
23.11.2019 16:46:14 : Процедура выхода из программы успешно завершена
23.11.2019 16:49:17 : Процедура получения списка пользователей => Старт 
23.11.2019 16:49:19 : Директория хранения данных пользователей не найдена
23.11.2019 16:54:42 : Процедура получения списка пользователей => Старт 
23.11.2019 16:54:44 : Директория хранения данных пользователей не найдена
23.11.2019 17:07:28 : Процедура получения списка пользователей => Старт 
23.11.2019 17:08:11 : Процедура модификации пользователя => Старт
23.11.2019 17:08:12 : Пользователь существует
23.11.2019 17:08:18 : Инциализация процедуры удаления позиции
23.11.2019 17:08:19 : Процедура удаления пользователя => Старт 
23.11.2019 17:08:22 : Директория хранения данных пользователей не найдена
23.11.2019 17:08:27 : Процедура получения списка пользователей => Старт 
23.11.2019 18:20:21 : Процедура получения списка пользователей => Старт 
23.11.2019 18:20:46 : Хеш-последовательность успешно получена
23.11.2019 18:20:46 : Процедура добавления пользователя => Старт 
23.11.2019 18:20:46 : Директория пользователя Test создана
23.11.2019 18:20:47 : Пользователь успешно зарегистрирован
23.11.2019 18:20:59 : Удачное завершение поиска поиска. Результатов 1
23.11.2019 18:29:08 : Процедура получения списка пользователей => Старт 
23.11.2019 18:29:15 : Процедура модификации пользователя => Старт
23.11.2019 18:29:16 : Пользователь существует
23.11.2019 18:29:23 : Процедура модификации пользователя => Старт
23.11.2019 18:29:25 : Пользователь существует
23.11.2019 18:29:46 : Хеш-последовательность успешно получена
23.11.2019 18:29:46 : Процедура добавления пользователя => Старт 
23.11.2019 18:29:46 : Директория пользователя йцуйцуйццуцй создана
23.11.2019 18:29:47 : Пользователь успешно зарегистрирован
23.11.2019 18:29:49 : Инциализация процедуры выхода из программы
23.11.2019 18:29:49 : Процедура выхода из программы успешно завершена
23.11.2019 18:29:51 : Процедура получения списка пользователей => Старт 
23.11.2019 18:30:01 : Процедура получения списка пользователей => Старт 
23.11.2019 18:30:03 : Инциализация процедуры удаления позиции
23.11.2019 18:30:03 : Процедура удаления пользователя => Старт 
23.11.2019 18:30:06 : Директория хранения данных пользователей не найдена
23.11.2019 18:30:31 : Процедура получения списка пользователей => Старт 
23.11.2019 18:30:34 : Инциализация процедуры удаления позиции
23.11.2019 18:30:36 : Процедура удаления пользователя => Старт 
23.11.2019 18:30:38 : Директория хранения данных пользователей не найдена
23.11.2019 18:30:47 : Процедура получения списка пользователей => Старт 
23.11.2019 18:30:48 : Инциализация процедуры удаления позиции
23.11.2019 18:30:49 : Процедура удаления пользователя => Старт 
23.11.2019 18:34:55 : Процедура получения списка пользователей => Старт 
23.11.2019 18:35:00 : Инциализация процедуры удаления позиции
23.11.2019 18:35:01 : Процедура удаления пользователя => Старт 
23.11.2019 18:35:24 : Процедура модификации пользователя => Старт
23.11.2019 18:35:24 : Директория пользователя qqqqqqqq создана
23.11.2019 18:35:25 : Пользователь успешно зарегистрирован
23.11.2019 18:36:30 : Инциализация процедуры удаления позиции
23.11.2019 18:36:31 : Процедура удаления пользователя => Старт 
23.11.2019 18:36:40 : Процедура получения списка пользователей => Старт 
23.11.2019 18:38:29 : Процедура получения списка пользователей => Старт 
23.11.2019 18:38:34 : Хеш-последовательность успешно получена
23.11.2019 18:38:34 : Процедура модификации пользователя => Старт
23.11.2019 18:38:34 : Пользователь существует
23.11.2019 18:38:52 : Инциализация процедуры выхода из программы
23.11.2019 18:38:53 : Процедура выхода из программы успешно завершена
23.11.2019 18:38:56 : Процедура получения списка пользователей => Старт 
23.11.2019 18:39:03 : Хеш-последовательность успешно получена
23.11.2019 18:39:03 : Процедура модификации пользователя => Старт
23.11.2019 18:39:03 : Пользователь существует
23.11.2019 18:39:06 : Инциализация процедуры выхода из программы
23.11.2019 18:39:07 : Процедура выхода из программы успешно завершена
23.11.2019 18:39:09 : Процедура получения списка пользователей => Старт 
23.11.2019 18:40:12 : Процедура получения списка пользователей => Старт 
23.11.2019 18:40:19 : Хеш-последовательность успешно получена
23.11.2019 18:40:19 : Процедура добавления пользователя => Старт 
23.11.2019 18:40:19 : Директория пользователя rrrrrrrrrrrr создана
23.11.2019 18:40:20 : Пользователь успешно зарегистрирован
23.11.2019 18:41:57 : Процедура получения списка пользователей => Старт 
23.11.2019 18:42:04 : Хеш-последовательность успешно получена
23.11.2019 18:42:04 : Процедура модификации пользователя => Старт
23.11.2019 18:43:17 : Процедура получения списка пользователей => Старт 
23.11.2019 18:43:22 : Хеш-последовательность успешно получена
23.11.2019 18:43:22 : Процедура модификации пользователя => Старт
23.11.2019 18:43:43 : Пользователь существует
23.11.2019 18:45:23 : Процедура получения списка пользователей => Старт 
23.11.2019 18:45:28 : Хеш-последовательность успешно получена
23.11.2019 18:45:28 : Процедура модификации пользователя => Старт
23.11.2019 18:45:28 : Директория пользователя qqqqqqqq создана
23.11.2019 18:46:20 : Процедура получения списка пользователей => Старт 
23.11.2019 18:46:33 : Хеш-последовательность успешно получена
23.11.2019 18:46:33 : Процедура модификации пользователя => Старт
23.11.2019 18:46:33 : Директория пользователя bbbbbbbbbbbbbb создана
23.11.2019 18:46:34 : Пользователь успешно зарегистрирован
23.11.2019 18:46:39 : Процедура получения списка пользователей => Старт 
23.11.2019 18:54:22 : Процедура получения списка пользователей => Старт 
23.11.2019 18:54:26 : Хеш-последовательность успешно получена
23.11.2019 18:54:26 : Процедура модификации пользователя => Старт
23.11.2019 18:54:26 : Директория пользователя bbbbbbbbbbbbbb создана
23.11.2019 18:55:11 : Процедура получения списка пользователей => Старт 
23.11.2019 18:55:14 : Хеш-последовательность успешно получена
23.11.2019 18:55:14 : Процедура модификации пользователя => Старт
23.11.2019 18:55:14 : Директория пользователя bbbbbbbbbbbbbb создана
23.11.2019 19:13:12 : Процедура получения списка пользователей => Старт 
23.11.2019 19:13:17 : Хеш-последовательность успешно получена
23.11.2019 19:13:17 : Процедура модификации пользователя => Старт
23.11.2019 19:13:17 : Директория пользователя eeee создана
23.11.2019 19:13:18 : Пользователь успешно зарегистрирован
23.11.2019 19:13:48 : Процедура получения списка пользователей => Старт 
23.11.2019 19:13:55 : Хеш-последовательность успешно получена
23.11.2019 19:13:55 : Процедура модификации пользователя => Старт
23.11.2019 19:13:55 : Директория пользователя qwer создана
23.11.2019 19:13:56 : Пользователь успешно зарегистрирован
23.11.2019 19:13:57 : Инциализация процедуры выхода из программы
23.11.2019 19:13:57 : Процедура выхода из программы успешно завершена
23.11.2019 19:19:54 : Процедура получения списка пользователей => Старт 
23.11.2019 19:20:05 : Хеш-последовательность успешно получена
23.11.2019 19:20:05 : Процедура модификации пользователя => Старт
23.11.2019 19:20:05 : Директория пользователя qwer создана
23.11.2019 19:20:06 : Пользователь успешно зарегистрирован
23.11.2019 19:21:25 : Процедура получения списка пользователей => Старт 
23.11.2019 19:21:33 : Хеш-последовательность успешно получена
23.11.2019 19:21:33 : Процедура модификации пользователя => Старт
23.11.2019 19:22:06 : Процедура получения списка пользователей => Старт 
23.11.2019 19:22:11 : Хеш-последовательность успешно получена
23.11.2019 19:22:11 : Процедура модификации пользователя => Старт
23.11.2019 19:23:23 : Директория пользователя qwer создана
23.11.2019 19:23:33 : Пользователь успешно зарегистрирован
23.11.2019 19:23:40 : Процедура получения списка пользователей => Старт 
23.11.2019 19:24:52 : Процедура получения списка пользователей => Старт 
23.11.2019 19:28:34 : Процедура получения списка пользователей => Старт 
23.11.2019 19:28:40 : Хеш-последовательность успешно получена
23.11.2019 19:28:40 : Процедура модификации пользователя => Старт
23.11.2019 19:28:44 : Директория пользователя eeee создана
23.11.2019 19:28:47 : Пользователь успешно зарегистрирован
23.11.2019 19:28:51 : Процедура получения списка пользователей => Старт 
23.11.2019 19:30:35 : Процедура получения списка пользователей => Старт 
23.11.2019 19:30:41 : Хеш-последовательность успешно получена
23.11.2019 19:30:41 : Процедура добавления пользователя => Старт 
23.11.2019 19:30:41 : Директория пользователя qq создана
23.11.2019 19:30:42 : Пользователь успешно зарегистрирован
23.11.2019 19:30:43 : Инциализация процедуры выхода из программы
23.11.2019 19:30:44 : Процедура выхода из программы успешно завершена
23.11.2019 19:31:13 : Процедура получения списка пользователей => Старт 
23.11.2019 19:31:21 : Хеш-последовательность успешно получена
23.11.2019 19:31:21 : Процедура модификации пользователя => Старт
23.11.2019 19:31:21 : Директория пользователя qq создана
23.11.2019 19:31:21 : Пользователь успешно зарегистрирован
23.11.2019 19:33:35 : Процедура получения списка пользователей => Старт 
23.11.2019 19:34:01 : Процедура получения списка пользователей => Старт 
23.11.2019 19:35:33 : Процедура получения списка пользователей => Старт 
23.11.2019 19:35:39 : Инциализация процедуры удаления позиции
23.11.2019 19:35:39 : Процедура удаления пользователя => Старт 
23.11.2019 19:36:00 : Процедура получения списка пользователей => Старт 
23.11.2019 19:36:03 : Инциализация процедуры удаления позиции
23.11.2019 19:36:04 : Процедура удаления пользователя => Старт 
23.11.2019 19:36:15 : Поиск не дал результатов
23.11.2019 19:36:18 : Поиск не дал результатов
23.11.2019 19:36:20 : Удачное завершение поиска поиска. Результатов 1
23.11.2019 19:37:08 : Процедура получения списка пользователей => Старт 
23.11.2019 19:37:31 : Удачное завершение поиска поиска. Результатов 1
23.11.2019 19:38:11 : Процедура получения списка пользователей => Старт 
23.11.2019 19:38:15 : Хеш-последовательность успешно получена
23.11.2019 19:38:15 : Процедура модификации пользователя => Старт
23.11.2019 19:38:15 : Директория пользователя bbbbbbbbbbbbbb создана
23.11.2019 19:38:17 : Пользователь успешно зарегистрирован
23.11.2019 19:38:49 : Процедура получения списка пользователей => Старт 
23.11.2019 19:38:52 : Удачное завершение поиска поиска. Результатов 1
23.11.2019 19:40:32 : Процедура получения списка пользователей => Старт 
23.11.2019 19:40:35 : Удачное завершение поиска поиска. Результатов 1
23.11.2019 19:41:32 : Процедура получения списка пользователей => Старт 
23.11.2019 19:42:29 : Процедура получения списка пользователей => Старт 
23.11.2019 19:42:35 : Хеш-последовательность успешно получена
23.11.2019 19:42:35 : Процедура модификации пользователя => Старт
23.11.2019 19:42:35 : Директория пользователя bbbbbbbbbbbbbb создана
23.11.2019 19:42:36 : Пользователь успешно зарегистрирован
23.11.2019 19:45:35 : Процедура получения списка пользователей => Старт 
23.11.2019 19:45:40 : Поиск не дал результатов
23.11.2019 19:45:43 : Удачное завершение поиска поиска. Результатов 1
23.11.2019 19:45:45 : Удачное завершение поиска поиска. Результатов 1
23.11.2019 19:46:39 : Процедура получения списка пользователей => Старт 
23.11.2019 19:46:55 : Хеш-последовательность успешно получена
23.11.2019 19:46:55 : Процедура модификации пользователя => Старт
23.11.2019 19:46:55 : Директория пользователя bbbbbbbbbbbbbb создана
23.11.2019 19:46:58 : Пользователь успешно зарегистрирован
23.11.2019 20:00:13 : Процедура получения списка пользователей => Старт 
23.11.2019 20:00:24 : Удачное завершение поиска поиска. Результатов 1
23.11.2019 20:01:47 : Процедура получения списка пользователей => Старт 
23.11.2019 20:02:49 : Процедура получения списка пользователей => Старт 
23.11.2019 20:03:15 : Процедура получения списка пользователей => Старт 
23.11.2019 20:03:54 : Хеш-последовательность успешно получена
23.11.2019 20:03:54 : Процедура модификации пользователя => Старт
23.11.2019 20:03:54 : Директория пользователя pppp создана
23.11.2019 20:03:54 : Пользователь успешно зарегистрирован
23.11.2019 20:05:05 : Процедура получения списка пользователей => Старт 
23.11.2019 20:05:10 : Удачное завершение поиска поиска. Результатов 1
23.11.2019 20:05:54 : Процедура получения списка пользователей => Старт 
23.11.2019 20:05:58 : Удачное завершение поиска поиска. Результатов 1
23.11.2019 20:07:32 : Процедура получения списка пользователей => Старт 
23.11.2019 20:07:36 : Удачное завершение поиска поиска. Результатов 1
23.11.2019 20:07:58 : Процедура получения списка пользователей => Старт 
23.11.2019 20:08:01 : Удачное завершение поиска поиска. Результатов 1
23.11.2019 20:08:17 : Процедура получения списка пользователей => Старт 
23.11.2019 20:08:26 : Хеш-последовательность успешно получена
23.11.2019 20:08:26 : Процедура модификации пользователя => Старт
23.11.2019 20:08:26 : Директория пользователя pppp создана
23.11.2019 20:08:28 : Пользователь успешно зарегистрирован
23.11.2019 20:40:20 : Процедура получения списка пользователей => Старт 
23.11.2019 21:07:06 : Процедура получения списка пользователей => Старт 
23.11.2019 21:15:50 : Процедура получения списка пользователей => Старт 
23.11.2019 21:18:57 : Процедура получения списка пользователей => Старт 
23.11.2019 21:20:10 : Процедура получения списка пользователей => Старт 
23.11.2019 21:32:45 : Процедура получения списка пользователей => Старт 
23.11.2019 23:25:55 : Процедура получения списка пользователей => Старт 
23.11.2019 23:26:41 : Инциализация процедуры выхода из программы
23.11.2019 23:26:41 : Процедура выхода из программы успешно завершена
23.11.2019 23:41:56 : Процедура получения списка пользователей => Старт 
23.11.2019 23:52:54 : Процедура получения списка пользователей => Старт 
23.11.2019 23:53:35 : Удачное завершение поиска поиска. Результатов 4
23.11.2019 23:53:38 : Инциализация процедуры выхода из программы
23.11.2019 23:53:39 : Процедура выхода из программы успешно завершена
23.11.2019 23:59:08 : Процедура получения списка пользователей => Старт 
23.11.2019 23:59:09 : Инциализация процедуры выхода из программы
23.11.2019 23:59:10 : Процедура выхода из программы успешно завершена
23.11.2019 23:59:20 : Процедура получения списка пользователей => Старт 
