09.10.2019 21:58:48 : Инициализаия процедуры регистарции пользователя
09.10.2019 21:58:53 : Хеш-последовательность успешно получена
09.10.2019 21:58:53 : Директория пользователя  создана
09.10.2019 21:58:54 : Пользователь успешно зарегистрирован
09.10.2019 21:58:54 : Пользователь успешно зарегистрирован
09.10.2019 21:58:57 : Логин qqqq успешно найден
09.10.2019 21:58:57 : Хеш-последовательность успешно получена
09.10.2019 21:58:57 : Пользователь qqqq успешно авторизовался
09.10.2019 21:58:57 : Процедура получения позиций пользователя => Старт 
09.10.2019 21:58:57 : Конвертация позиций => Успешно 
09.10.2019 21:58:57 : Визуализация позиций => Успешно 
09.10.2019 21:58:58 : Инициализация процедуры добавления позиции
09.10.2019 21:59:03 : Ключ успешно получен
09.10.2019 21:59:03 : Шифрование пароля завершено успешно
09.10.2019 21:59:03 : Позиция пользователя успешно сохранена
09.10.2019 21:59:03 : Добавление позиции завершено успешно
09.10.2019 21:59:04 : Инициализация процедуры добавления позиции
09.10.2019 21:59:08 : Ключ успешно получен
09.10.2019 21:59:08 : Шифрование пароля завершено успешно
09.10.2019 21:59:08 : Позиция пользователя успешно сохранена
09.10.2019 21:59:09 : Добавление позиции завершено успешно
09.10.2019 21:59:10 : Инициализация процедуры добавления позиции
09.10.2019 21:59:13 : Ключ успешно получен
09.10.2019 21:59:13 : Шифрование пароля завершено успешно
09.10.2019 21:59:13 : Позиция пользователя успешно сохранена
09.10.2019 21:59:14 : Добавление позиции завершено успешно
09.10.2019 21:59:15 : Инициализация процедуры добавления позиции
09.10.2019 21:59:19 : Ключ успешно получен
09.10.2019 21:59:19 : Шифрование пароля завершено успешно
09.10.2019 21:59:19 : Позиция пользователя успешно сохранена
09.10.2019 21:59:19 : Добавление позиции завершено успешно
09.10.2019 21:59:40 : Логин qqqq успешно найден
09.10.2019 21:59:40 : Хеш-последовательность успешно получена
09.10.2019 21:59:40 : Пользователь qqqq успешно авторизовался
09.10.2019 21:59:40 : Процедура получения позиций пользователя => Старт 
09.10.2019 21:59:40 : Дешифрование пароля завершено успешно
09.10.2019 21:59:40 : Дешифрование пароля завершено успешно
09.10.2019 21:59:40 : Дешифрование пароля завершено успешно
09.10.2019 21:59:40 : Дешифрование пароля завершено успешно
09.10.2019 21:59:40 : Конвертация позиций => Успешно 
09.10.2019 21:59:40 : Визуализация позиций => Успешно 
09.10.2019 21:59:52 : Инициализация процедуры изменения позиции
09.10.2019 21:59:54 : Процедура изменении позиции отменена
09.10.2019 22:00:18 : Инциализация процедуры выхода из программы
09.10.2019 22:00:19 : Процедура выхода из программы успешно завершена
09.10.2019 22:00:37 : Логин qqqq успешно найден
09.10.2019 22:00:37 : Хеш-последовательность успешно получена
09.10.2019 22:00:37 : Пользователь qqqq успешно авторизовался
09.10.2019 22:00:37 : Процедура получения позиций пользователя => Старт 
09.10.2019 22:00:37 : Дешифрование пароля завершено успешно
09.10.2019 22:00:37 : Дешифрование пароля завершено успешно
09.10.2019 22:00:37 : Дешифрование пароля завершено успешно
09.10.2019 22:00:37 : Дешифрование пароля завершено успешно
09.10.2019 22:00:37 : Конвертация позиций => Успешно 
09.10.2019 22:00:37 : Визуализация позиций => Успешно 
09.10.2019 22:00:40 : Инициализация процедуры добавления позиции
09.10.2019 22:00:43 : Ключ успешно получен
09.10.2019 22:00:44 : Шифрование пароля завершено успешно
09.10.2019 22:00:44 : Позиция пользователя успешно сохранена
09.10.2019 22:00:44 : Добавление позиции завершено успешно
09.10.2019 22:00:48 : Инициализация процедуры изменения позиции
09.10.2019 22:00:57 : Ключ успешно получен
09.10.2019 22:00:57 : Шифрование пароля завершено успешно
09.10.2019 22:00:57 : Позиция пользователя успешно изменена
09.10.2019 22:00:58 : Изменение позиции успешно завершено
09.10.2019 22:01:01 : Инициализация процедуры изменения позиции
09.10.2019 22:01:06 : Ключ успешно получен
09.10.2019 22:01:06 : Шифрование пароля завершено успешно
09.10.2019 22:01:06 : Позиция пользователя успешно изменена
09.10.2019 22:01:07 : Изменение позиции успешно завершено
09.10.2019 22:01:12 : Сортировака по дате выполнена
09.10.2019 22:01:13 : Сортировака по логину выполнена
09.10.2019 22:01:14 : Сортировака по паролю выполнена
09.10.2019 22:01:15 : Сортировака по описанию выполнена
09.10.2019 22:01:15 : Сортировака по дате выполнена
09.10.2019 22:01:16 : Сортировака по логину выполнена
09.10.2019 22:01:16 : Сортировака по паролю выполнена
09.10.2019 22:01:17 : Сортировака по описанию выполнена
09.10.2019 22:01:18 : Сортировака по дате выполнена
09.10.2019 22:01:18 : Сортировака по логину выполнена
09.10.2019 22:01:18 : Сортировака по паролю выполнена
09.10.2019 22:01:19 : Сортировака по описанию выполнена
09.10.2019 22:01:20 : Просмотр информации о программе
09.10.2019 22:01:21 : Просмотр информации о пользователе
09.10.2019 22:01:24 : Инициализация процедуры удаления позиции
09.10.2019 22:01:24 : Позиция пользователя успешно удалена
09.10.2019 22:01:24 : Удаление позициии успешно завершено
09.10.2019 22:01:26 : Инициализация процедуры удаления позиции
09.10.2019 22:01:27 : Позиция пользователя успешно удалена
09.10.2019 22:01:27 : Удаление позициии успешно завершено
09.10.2019 22:01:30 : Инициализация процедуры изменения позиции
09.10.2019 22:01:33 : Ключ успешно получен
09.10.2019 22:01:33 : Шифрование пароля завершено успешно
09.10.2019 22:01:33 : Позиция пользователя успешно изменена
09.10.2019 22:01:34 : Изменение позиции успешно завершено
09.10.2019 22:01:47 : Инциализация процедуры выхода из программы
09.10.2019 22:01:48 : Процедура выхода из программы успешно завершена
09.10.2019 22:04:06 : Выход из приложения
09.10.2019 22:05:51 : Логин qqqq успешно найден
09.10.2019 22:05:51 : Хеш-последовательность успешно получена
09.10.2019 22:05:51 : Пользователь qqqq успешно авторизовался
09.10.2019 22:05:51 : Процедура получения позиций пользователя => Старт 
09.10.2019 22:05:51 : Дешифрование пароля завершено успешно
09.10.2019 22:05:51 : Дешифрование пароля завершено успешно
09.10.2019 22:05:51 : Дешифрование пароля завершено успешно
09.10.2019 22:05:51 : Конвертация позиций => Успешно 
09.10.2019 22:05:51 : Визуализация позиций => Успешно 
09.10.2019 22:05:53 : Инициализация процедуры добавления позиции
09.10.2019 22:05:56 : Ключ успешно получен
09.10.2019 22:05:56 : Шифрование пароля завершено успешно
09.10.2019 22:05:56 : Позиция пользователя успешно сохранена
09.10.2019 22:05:57 : Добавление позиции завершено успешно
09.10.2019 22:05:58 : Инициализация процедуры добавления позиции
09.10.2019 22:06:01 : Ключ успешно получен
09.10.2019 22:06:01 : Шифрование пароля завершено успешно
09.10.2019 22:06:01 : Позиция пользователя успешно сохранена
09.10.2019 22:06:01 : Добавление позиции завершено успешно
09.10.2019 22:06:02 : Инициализация процедуры добавления позиции
09.10.2019 22:06:04 : Ключ успешно получен
09.10.2019 22:06:04 : Шифрование пароля завершено успешно
09.10.2019 22:06:04 : Позиция пользователя успешно сохранена
09.10.2019 22:06:05 : Добавление позиции завершено успешно
09.10.2019 22:06:06 : Инициализация процедуры добавления позиции
09.10.2019 22:06:07 : Процедура добавления позиции отменена
09.10.2019 22:06:08 : Инициализация процедуры изменения позиции
09.10.2019 22:06:13 : Ключ успешно получен
09.10.2019 22:06:13 : Шифрование пароля завершено успешно
09.10.2019 22:06:13 : Позиция пользователя успешно изменена
09.10.2019 22:06:14 : Изменение позиции успешно завершено
09.10.2019 22:06:18 : Просмотр информации о программе
09.10.2019 22:06:20 : Просмотр информации о пользователе
09.10.2019 22:06:21 : Просмотр информации о программе
09.10.2019 22:06:26 : Инциализация процедуры выхода из программы
09.10.2019 22:06:26 : Процедура выхода из программы успешно завершена
