24.11.2019 0:15:44 : Процедура получения списка пользователей => Старт 
24.11.2019 0:16:06 : Хеш-последовательность успешно получена
24.11.2019 0:16:06 : Процедура добавления пользователя => Старт 
24.11.2019 0:16:07 : Директория пользователя ssdfsdffffffffffffff создана
24.11.2019 0:16:07 : Пользователь успешно зарегистрирован
24.11.2019 0:16:17 : Хеш-последовательность успешно получена
24.11.2019 0:16:17 : Процедура модификации пользователя => Старт
24.11.2019 0:16:17 : Директория пользователя ssdfsdffffffffffffff создана
24.11.2019 0:16:18 : Пользователь успешно зарегистрирован
24.11.2019 0:16:22 : Инциализация процедуры удаления позиции
24.11.2019 0:16:24 : Процедура удаления пользователя => Старт 
24.11.2019 0:16:24 : Инциализация процедуры удаления позиции
24.11.2019 0:16:25 : Процедура удаления пользователя => Старт 
24.11.2019 0:16:25 : Инциализация процедуры удаления позиции
24.11.2019 0:16:26 : Процедура удаления пользователя => Старт 
24.11.2019 0:16:27 : Инциализация процедуры удаления позиции
24.11.2019 0:16:28 : Процедура удаления пользователя => Старт 
24.11.2019 0:16:28 : Инциализация процедуры удаления позиции
24.11.2019 0:16:29 : Процедура удаления пользователя => Старт 
24.11.2019 0:16:30 : Инциализация процедуры удаления позиции
24.11.2019 0:16:31 : Процедура удаления пользователя => Старт 
24.11.2019 0:16:31 : Инциализация процедуры удаления позиции
24.11.2019 0:16:32 : Процедура удаления пользователя => Старт 
24.11.2019 0:16:32 : Инциализация процедуры удаления позиции
24.11.2019 0:16:33 : Процедура удаления пользователя => Старт 
24.11.2019 0:16:40 : Поиск не дал результатов
24.11.2019 0:17:55 : Инциализация процедуры выхода из программы
24.11.2019 0:17:57 : Процедура выхода из программы успешно завершена
24.11.2019 0:18:02 : Процедура получения списка пользователей => Старт 
24.11.2019 0:22:35 : Процедура получения списка пользователей => Старт 
24.11.2019 0:24:58 : Процедура получения списка пользователей => Старт 
24.11.2019 0:26:15 : Процедура получения списка пользователей => Старт 
24.11.2019 0:26:59 : Процедура получения списка пользователей => Старт 
24.11.2019 0:28:57 : Процедура получения списка пользователей => Старт 
24.11.2019 0:29:00 : Инциализация процедуры выхода из программы
24.11.2019 0:29:02 : Процедура выхода из программы успешно завершена
24.11.2019 0:29:29 : Процедура получения списка пользователей => Старт 
24.11.2019 0:29:32 : Хеш-последовательность успешно получена
24.11.2019 0:29:32 : Процедура добавления пользователя => Старт 
24.11.2019 0:29:32 : Директория пользователя sadf создана
24.11.2019 0:29:33 : Пользователь успешно зарегистрирован
24.11.2019 0:29:36 : Хеш-последовательность успешно получена
24.11.2019 0:29:36 : Процедура добавления пользователя => Старт 
24.11.2019 0:29:36 : Директория пользователя adf создана
24.11.2019 0:29:37 : Пользователь успешно зарегистрирован
24.11.2019 0:29:38 : Инциализация процедуры удаления позиции
24.11.2019 0:29:39 : Процедура удаления пользователя => Старт 
24.11.2019 0:29:40 : Инциализация процедуры удаления позиции
24.11.2019 0:29:40 : Процедура удаления пользователя => Старт 
24.11.2019 0:33:03 : Процедура получения списка пользователей => Старт 
24.11.2019 0:39:06 : Процедура получения списка пользователей => Старт 
24.11.2019 1:04:22 : Процедура получения списка пользователей => Старт 
24.11.2019 1:04:23 : Сортировака по имени пользователя выполнена
24.11.2019 1:04:24 : Сортировака по имени пользователя выполнена
24.11.2019 1:04:27 : Хеш-последовательность успешно получена
24.11.2019 1:04:27 : Процедура добавления пользователя => Старт 
24.11.2019 1:04:27 : Директория пользователя sadf создана
24.11.2019 1:04:29 : Пользователь успешно зарегистрирован
24.11.2019 1:04:31 : Хеш-последовательность успешно получена
24.11.2019 1:04:31 : Процедура добавления пользователя => Старт 
24.11.2019 1:04:31 : Директория пользователя asdf создана
24.11.2019 1:04:32 : Пользователь успешно зарегистрирован
24.11.2019 1:04:35 : Хеш-последовательность успешно получена
24.11.2019 1:04:35 : Процедура добавления пользователя => Старт 
24.11.2019 1:04:35 : Директория пользователя ffew создана
24.11.2019 1:04:36 : Пользователь успешно зарегистрирован
24.11.2019 1:04:36 : Сортировака по имени пользователя выполнена
24.11.2019 1:04:37 : Сортировака по имени пользователя выполнена
24.11.2019 1:04:38 : Сортировака по имени пользователя выполнена
24.11.2019 1:04:39 : Сортировака по имени пользователя выполнена
24.11.2019 1:04:39 : Сортировака по имени пользователя выполнена
24.11.2019 1:04:40 : Сортировака по идентификатору выполнена
24.11.2019 1:04:41 : Сортировака по идентификатору выполнена
24.11.2019 1:04:41 : Сортировака по идентификатору выполнена
24.11.2019 1:04:42 : Сортировака по идентификатору выполнена
24.11.2019 1:04:43 : Сортировака по идентификатору выполнена
24.11.2019 1:04:43 : Сортировака по идентификатору выполнена
24.11.2019 1:04:44 : Сортировака по идентификатору выполнена
24.11.2019 1:04:44 : Сортировака по имени пользователя выполнена
24.11.2019 1:04:45 : Сортировака по имени пользователя выполнена
24.11.2019 1:04:46 : Сортировака по имени пользователя выполнена
24.11.2019 1:04:46 : Сортировака по имени пользователя выполнена
24.11.2019 1:04:47 : Сортировака по идентификатору выполнена
24.11.2019 1:04:48 : Сортировака по имени пользователя выполнена
24.11.2019 1:04:48 : Сортировака по идентификатору выполнена
24.11.2019 1:04:48 : Сортировака по имени пользователя выполнена
24.11.2019 1:04:49 : Сортировака по идентификатору выполнена
24.11.2019 1:04:50 : Сортировака по имени пользователя выполнена
24.11.2019 1:04:50 : Сортировака по имени пользователя выполнена
24.11.2019 1:04:51 : Сортировака по имени пользователя выполнена
24.11.2019 1:04:52 : Сортировака по идентификатору выполнена
24.11.2019 1:04:52 : Сортировака по идентификатору выполнена
24.11.2019 1:04:53 : Сортировака по идентификатору выполнена
24.11.2019 1:04:53 : Сортировака по идентификатору выполнена
24.11.2019 12:33:48 : Процедура получения списка пользователей => Старт 
24.11.2019 12:33:55 : Хеш-последовательность успешно получена
24.11.2019 12:33:55 : Процедура добавления пользователя => Старт 
24.11.2019 12:33:55 : Директория пользователя test создана
24.11.2019 12:33:56 : Пользователь успешно зарегистрирован
24.11.2019 12:36:19 : Инциализация процедуры удаления позиции
24.11.2019 12:36:56 : Процедура получения списка пользователей => Старт 
24.11.2019 12:38:19 : Инциализация процедуры выхода из программы
24.11.2019 12:38:24 : Процедура выхода из программы успешно завершена
24.11.2019 13:19:04 : Процедура получения списка пользователей => Старт 
24.11.2019 13:20:34 : Процедура получения списка пользователей => Старт 
24.11.2019 13:20:42 : Процедура получения списка пользователей => Старт 
24.11.2019 13:21:11 : Процедура получения списка пользователей => Старт 
24.11.2019 13:21:19 : Процедура получения списка пользователей => Старт 
24.11.2019 13:23:06 : Процедура получения списка пользователей => Старт 
24.11.2019 13:23:44 : Процедура получения списка пользователей => Старт 
24.11.2019 13:23:47 : Инциализация процедуры выхода из программы
24.11.2019 13:23:48 : Процедура выхода из программы успешно завершена
24.11.2019 13:24:36 : Процедура получения списка пользователей => Старт 
24.11.2019 13:27:48 : Процедура получения списка пользователей => Старт 
24.11.2019 13:28:05 : Инциализация процедуры выхода из программы
24.11.2019 13:28:06 : Процедура выхода из программы успешно завершена
24.11.2019 13:28:26 : Процедура получения списка пользователей => Старт 
24.11.2019 13:28:51 : Инциализация процедуры выхода из программы
24.11.2019 13:28:52 : Процедура выхода из программы успешно завершена
24.11.2019 13:29:05 : Процедура получения списка пользователей => Старт 
24.11.2019 13:29:19 : Инциализация процедуры выхода из программы
24.11.2019 13:29:20 : Процедура выхода из программы успешно завершена
24.11.2019 13:30:10 : Процедура получения списка пользователей => Старт 
