26.11.2019 16:44:24 : Логин test не существует
26.11.2019 16:44:25 : Введен енправильный логин или пароль
26.11.2019 16:44:34 : Логин qq успешно найден
26.11.2019 16:44:34 : Хеш-последовательность успешно получена
26.11.2019 16:44:35 : Получен неправильный логин или пароль
26.11.2019 16:44:36 : Инициализаия процедуры регистарции пользователя
26.11.2019 16:44:56 : Хеш-последовательность успешно получена
26.11.2019 16:44:56 : Директория пользователя  создана
26.11.2019 16:44:59 : Пользователь успешно зарегистрирован
26.11.2019 16:44:59 : Пользователь успешно зарегистрирован
26.11.2019 16:45:02 : Логин ww успешно найден
26.11.2019 16:45:02 : Хеш-последовательность успешно получена
26.11.2019 16:45:02 : Пользователь ww успешно авторизовался
26.11.2019 16:45:02 : Процедура получения позиций пользователя => Старт 
26.11.2019 16:45:02 : Конвертация позиций => Успешно 
26.11.2019 16:45:02 : Визуализация позиций => Успешно 
26.11.2019 16:47:00 : Инициализаия процедуры регистарции пользователя
26.11.2019 16:47:05 : Пользователь успешно зарегистрирован
26.11.2019 16:47:05 : Хеш-последовательность успешно получена
26.11.2019 16:47:05 : Директория пользователя  создана
26.11.2019 16:47:05 : Пользователь успешно зарегистрирован
26.11.2019 16:47:07 : Выход из приложения
