04.12.2019 11:56:11 : Дешифрование пароля завершено успешно
04.12.2019 11:56:13 : Инциализация процедуры выхода из программы
04.12.2019 11:56:14 : Процедура выхода из программы успешно завершена
04.12.2019 11:56:14 : Процедура получения списка пользователей => Старт
04.12.2019 11:56:14 : Директория хранения данных пользователей не найдена
04.12.2019 11:58:08 : Хеш-последовательность успешно получена
04.12.2019 11:58:09 : Получен пароль
04.12.2019 11:58:14 : Хеш-последовательность успешно получена
04.12.2019 11:58:15 : Получен пароль
04.12.2019 11:58:15 : Дешифрование пароля завершено успешно
04.12.2019 11:58:18 : Хеш-последовательность успешно получена
04.12.2019 11:58:19 : Неправильное секретное слово
04.12.2019 11:58:23 : Дешифрование пароля завершено успешно
04.12.2019 11:58:51 : Инциализация процедуры настройки программы
04.12.2019 11:59:23 : Данные успешно сохранен
04.12.2019 11:59:23 : Пути успешно указаны
04.12.2019 11:59:27 : Пароль успешно сохранен
04.12.2019 11:59:27 : Ключ успешно получен
04.12.2019 11:59:27 : Ключ успешно получен
04.12.2019 11:59:27 : Шифрование пароля завершено успешно
04.12.2019 11:59:27 : Шифрование пароля завершено успешно
04.12.2019 11:59:27 : Хеш-последовательность успешно получена
04.12.2019 11:59:27 : Процедуры настройки программы завершена
04.12.2019 11:59:27 : Процедура получения списка пользователей => Старт
04.12.2019 11:59:29 : Директория хранения данных пользователей не найдена
04.12.2019 12:02:26 : Инциализация процедуры выхода из программы
04.12.2019 12:02:26 : Процедура выхода из программы успешно завершена
04.12.2019 12:02:26 : Процедура получения списка пользователей => Старт
04.12.2019 12:14:22 : Инциализация процедуры настройки программы
04.12.2019 12:14:58 : Данные успешно сохранен
04.12.2019 12:14:58 : Пути успешно указаны
04.12.2019 12:15:02 : Пароль успешно сохранен
04.12.2019 12:15:02 : Ключ успешно получен
04.12.2019 12:15:02 : Ключ успешно получен
04.12.2019 12:15:02 : Шифрование пароля завершено успешно
04.12.2019 12:15:02 : Шифрование пароля завершено успешно
04.12.2019 12:15:02 : Хеш-последовательность успешно получена
04.12.2019 12:15:02 : Процедуры настройки программы завершена
04.12.2019 12:15:02 : Процедура получения списка пользователей => Старт
04.12.2019 12:15:03 : Директория хранения данных пользователей не найдена
04.12.2019 12:15:44 : Хеш-последовательность успешно получена
04.12.2019 12:15:44 : Процедура получения списка пользователей => Старт
04.12.2019 12:15:52 : Хеш-последовательность успешно получена
04.12.2019 12:15:52 : Процедура модификации пользователя => Старт
04.12.2019 12:15:52 : Директория пользователя Domen создана
04.12.2019 12:16:50 : Хеш-последовательность успешно получена
04.12.2019 12:16:50 : Получен пароль
04.12.2019 12:16:54 : Хеш-последовательность успешно получена
04.12.2019 12:16:54 : Процедура получения списка пользователей => Старт
04.12.2019 12:17:07 : Хеш-последовательность успешно получена
04.12.2019 12:17:07 : Процедура добавления пользователя => Старт 
04.12.2019 12:17:07 : Директория пользователя Test создана
04.12.2019 12:17:08 : Пользователь успешно зарегистрирован
04.12.2019 12:18:08 : Хеш-последовательность успешно получена
04.12.2019 12:18:08 : Процедура получения списка пользователей => Старт
04.12.2019 12:18:16 : Хеш-последовательность успешно получена
04.12.2019 12:18:16 : Процедура модификации пользователя => Старт
04.12.2019 12:18:16 : Директория пользователя test создана
04.12.2019 12:22:04 : Хеш-последовательность успешно получена
04.12.2019 12:22:04 : Процедура получения списка пользователей => Старт
04.12.2019 12:22:13 : Хеш-последовательность успешно получена
04.12.2019 12:22:13 : Процедура модификации пользователя => Старт
04.12.2019 12:22:13 : Директория пользователя domen создана
04.12.2019 12:22:14 : Пользователь успешно зарегистрирован
04.12.2019 12:29:38 : Хеш-последовательность успешно получена
04.12.2019 12:29:38 : Процедура получения списка пользователей => Старт
04.12.2019 12:29:47 : Хеш-последовательность успешно получена
04.12.2019 12:29:47 : Процедура модификации пользователя => Старт
04.12.2019 12:29:47 : Директория пользователя test создана
04.12.2019 12:29:48 : Пользователь успешно зарегистрирован
04.12.2019 12:33:10 : Хеш-последовательность успешно получена
04.12.2019 12:33:10 : Процедура получения списка пользователей => Старт
04.12.2019 12:33:25 : Хеш-последовательность успешно получена
04.12.2019 12:33:26 : Получен пароль
04.12.2019 12:33:29 : Хеш-последовательность успешно получена
04.12.2019 12:33:29 : Процедура получения списка пользователей => Старт
04.12.2019 12:33:37 : Хеш-последовательность успешно получена
04.12.2019 12:33:37 : Процедура модификации пользователя => Старт
04.12.2019 12:33:37 : Директория пользователя Test создана
04.12.2019 12:39:12 : Хеш-последовательность успешно получена
04.12.2019 12:39:12 : Процедура получения списка пользователей => Старт
04.12.2019 12:39:18 : Хеш-последовательность успешно получена
04.12.2019 12:39:18 : Процедура модификации пользователя => Старт
04.12.2019 12:39:18 : Директория пользователя test создана
04.12.2019 12:39:25 : Пользователь успешно зарегистрирован
04.12.2019 12:40:05 : Хеш-последовательность успешно получена
04.12.2019 12:40:05 : Процедура получения списка пользователей => Старт
04.12.2019 12:40:19 : Хеш-последовательность успешно получена
04.12.2019 12:40:19 : Процедура модификации пользователя => Старт
04.12.2019 12:40:19 : Директория пользователя Test создана
04.12.2019 13:09:54 : Хеш-последовательность успешно получена
04.12.2019 13:09:54 : Процедура получения списка пользователей => Старт
04.12.2019 13:10:01 : Хеш-последовательность успешно получена
04.12.2019 13:10:01 : Процедура модификации пользователя => Старт
04.12.2019 13:10:01 : Директория пользователя test создана
04.12.2019 13:10:02 : Пользователь успешно зарегистрирован
04.12.2019 13:10:56 : Хеш-последовательность успешно получена
04.12.2019 13:10:56 : Процедура получения списка пользователей => Старт
04.12.2019 13:11:04 : Хеш-последовательность успешно получена
04.12.2019 13:11:04 : Процедура модификации пользователя => Старт
04.12.2019 13:11:04 : Директория пользователя Test создана
04.12.2019 13:13:03 : Хеш-последовательность успешно получена
04.12.2019 13:13:03 : Процедура получения списка пользователей => Старт
04.12.2019 13:13:15 : Хеш-последовательность успешно получена
04.12.2019 13:13:15 : Процедура модификации пользователя => Старт
04.12.2019 13:13:15 : Директория пользователя dest создана
04.12.2019 13:13:16 : Пользователь успешно зарегистрирован
04.12.2019 13:13:54 : Хеш-последовательность успешно получена
04.12.2019 13:13:54 : Процедура получения списка пользователей => Старт
04.12.2019 13:14:01 : Хеш-последовательность успешно получена
04.12.2019 13:14:01 : Процедура модификации пользователя => Старт
04.12.2019 13:14:01 : Директория пользователя test создана
04.12.2019 13:14:24 : Хеш-последовательность успешно получена
04.12.2019 13:14:24 : Процедура получения списка пользователей => Старт
04.12.2019 13:14:33 : Хеш-последовательность успешно получена
04.12.2019 13:14:33 : Процедура модификации пользователя => Старт
04.12.2019 13:14:33 : Директория пользователя dest создана
04.12.2019 13:14:33 : Пользователь успешно зарегистрирован
04.12.2019 13:15:04 : Хеш-последовательность успешно получена
04.12.2019 13:15:04 : Процедура получения списка пользователей => Старт
04.12.2019 13:15:11 : Хеш-последовательность успешно получена
04.12.2019 13:15:11 : Процедура модификации пользователя => Старт
04.12.2019 13:15:11 : Директория пользователя test создана
04.12.2019 13:15:11 : Пользователь успешно зарегистрирован
04.12.2019 13:16:23 : Хеш-последовательность успешно получена
04.12.2019 13:16:23 : Процедура получения списка пользователей => Старт
04.12.2019 13:16:31 : Хеш-последовательность успешно получена
04.12.2019 13:16:31 : Процедура модификации пользователя => Старт
04.12.2019 13:16:31 : Директория пользователя qwer создана
04.12.2019 13:16:32 : Пользователь успешно зарегистрирован
