28.10.2019 13:05:33 : Логин wwww не существует
28.10.2019 13:05:34 : Введен енправильный логин или пароль
28.10.2019 13:05:35 : Инициализаия процедуры регистарции пользователя
28.10.2019 13:05:37 : Хеш-последовательность успешно получена
28.10.2019 13:05:37 : Директория пользователя  создана
28.10.2019 13:05:38 : Пользователь успешно зарегистрирован
28.10.2019 13:05:38 : Пользователь успешно зарегистрирован
28.10.2019 13:05:40 : Логин wwww успешно найден
28.10.2019 13:05:40 : Хеш-последовательность успешно получена
28.10.2019 13:05:40 : Пользователь wwww успешно авторизовался
28.10.2019 13:05:40 : Процедура получения позиций пользователя => Старт 
28.10.2019 13:05:40 : Конвертация позиций => Успешно 
28.10.2019 13:05:40 : Визуализация позиций => Успешно 
28.10.2019 13:05:42 : Сортировака по дате выполнена
28.10.2019 13:05:43 : Сортировака по логину выполнена
28.10.2019 13:05:43 : Сортировака по логину выполнена
28.10.2019 13:05:44 : Сортировака по паролю выполнена
28.10.2019 13:05:44 : Инициализация процедуры добавления позиции
28.10.2019 13:05:47 : Ключ успешно получен
28.10.2019 13:05:47 : Шифрование пароля завершено успешно
28.10.2019 13:05:47 : Позиция пользователя успешно сохранена
28.10.2019 13:05:48 : Добавление позиции завершено успешно
28.10.2019 13:05:50 : Сортировака по логину выполнена
28.10.2019 13:05:50 : Сортировака по дате выполнена
28.10.2019 13:05:51 : Сортировака по логину выполнена
28.10.2019 13:05:52 : Сортировака по паролю выполнена
28.10.2019 13:05:53 : Сортировака по описанию выполнена
28.10.2019 13:05:57 : Инициализация процедуры добавления позиции
28.10.2019 13:05:58 : Процедура добавления позиции отменена
28.10.2019 13:05:59 : Сортировака по логину выполнена
28.10.2019 13:06:01 : Инициализация процедуры изменения позиции
28.10.2019 13:06:02 : Процедура изменении позиции отменена
28.10.2019 13:06:05 : Инициализация процедуры добавления позиции
28.10.2019 13:06:09 : Ключ успешно получен
28.10.2019 13:06:09 : Шифрование пароля завершено успешно
28.10.2019 13:06:09 : Позиция пользователя успешно сохранена
28.10.2019 13:06:10 : Добавление позиции завершено успешно
28.10.2019 13:06:11 : Сортировака по логину выполнена
28.10.2019 13:06:12 : Сортировака по дате выполнена
28.10.2019 13:06:12 : Сортировака по логину выполнена
28.10.2019 13:06:13 : Сортировака по паролю выполнена
28.10.2019 13:06:13 : Сортировака по паролю выполнена
28.10.2019 13:06:13 : Сортировака по описанию выполнена
28.10.2019 13:06:14 : Сортировака по дате выполнена
28.10.2019 13:06:15 : Сортировака по дате выполнена
28.10.2019 13:06:15 : Сортировака по логину выполнена
28.10.2019 13:06:15 : Сортировака по логину выполнена
28.10.2019 13:06:16 : Сортировака по логину выполнена
28.10.2019 13:06:16 : Сортировака по паролю выполнена
28.10.2019 13:06:17 : Сортировака по логину выполнена
28.10.2019 13:06:17 : Сортировака по дате выполнена
28.10.2019 13:06:17 : Сортировака по дате выполнена
28.10.2019 13:06:18 : Сортировака по дате выполнена
28.10.2019 13:06:19 : Сортировака по дате выполнена
28.10.2019 13:07:22 : Логин wwww успешно найден
28.10.2019 13:07:22 : Хеш-последовательность успешно получена
28.10.2019 13:07:22 : Пользователь wwww успешно авторизовался
28.10.2019 13:07:22 : Процедура получения позиций пользователя => Старт 
28.10.2019 13:07:22 : Дешифрование пароля завершено успешно
28.10.2019 13:07:22 : Дешифрование пароля завершено успешно
28.10.2019 13:07:22 : Конвертация позиций => Успешно 
28.10.2019 13:07:22 : Визуализация позиций => Успешно 
28.10.2019 13:07:47 : Логин wwww успешно найден
28.10.2019 13:07:47 : Хеш-последовательность успешно получена
28.10.2019 13:07:47 : Пользователь wwww успешно авторизовался
28.10.2019 13:07:47 : Процедура получения позиций пользователя => Старт 
28.10.2019 13:07:47 : Дешифрование пароля завершено успешно
28.10.2019 13:07:47 : Дешифрование пароля завершено успешно
28.10.2019 13:07:47 : Конвертация позиций => Успешно 
28.10.2019 13:07:47 : Визуализация позиций => Успешно 
28.10.2019 13:08:06 : Логин wwww успешно найден
28.10.2019 13:08:06 : Хеш-последовательность успешно получена
28.10.2019 13:08:06 : Пользователь wwww успешно авторизовался
28.10.2019 13:08:06 : Процедура получения позиций пользователя => Старт 
28.10.2019 13:08:06 : Дешифрование пароля завершено успешно
28.10.2019 13:08:06 : Дешифрование пароля завершено успешно
28.10.2019 13:08:06 : Конвертация позиций => Успешно 
28.10.2019 13:08:06 : Визуализация позиций => Успешно 
28.10.2019 13:08:31 : Логин wwww успешно найден
28.10.2019 13:08:31 : Хеш-последовательность успешно получена
28.10.2019 13:08:31 : Пользователь wwww успешно авторизовался
28.10.2019 13:08:31 : Процедура получения позиций пользователя => Старт 
28.10.2019 13:08:31 : Дешифрование пароля завершено успешно
28.10.2019 13:08:31 : Дешифрование пароля завершено успешно
28.10.2019 13:08:31 : Конвертация позиций => Успешно 
28.10.2019 13:08:31 : Визуализация позиций => Успешно 
28.10.2019 13:09:20 : Логин wwww успешно найден
28.10.2019 13:09:20 : Хеш-последовательность успешно получена
28.10.2019 13:09:20 : Пользователь wwww успешно авторизовался
28.10.2019 13:09:20 : Процедура получения позиций пользователя => Старт 
28.10.2019 13:09:20 : Дешифрование пароля завершено успешно
28.10.2019 13:09:20 : Дешифрование пароля завершено успешно
28.10.2019 13:09:20 : Конвертация позиций => Успешно 
28.10.2019 13:09:20 : Визуализация позиций => Успешно 
28.10.2019 13:09:47 : Логин wwww успешно найден
28.10.2019 13:09:47 : Хеш-последовательность успешно получена
28.10.2019 13:09:47 : Пользователь wwww успешно авторизовался
28.10.2019 13:09:47 : Процедура получения позиций пользователя => Старт 
28.10.2019 13:09:47 : Дешифрование пароля завершено успешно
28.10.2019 13:09:47 : Дешифрование пароля завершено успешно
28.10.2019 13:09:47 : Конвертация позиций => Успешно 
28.10.2019 13:09:47 : Визуализация позиций => Успешно 
28.10.2019 13:10:13 : Логин wwww успешно найден
28.10.2019 13:10:13 : Хеш-последовательность успешно получена
28.10.2019 13:10:13 : Пользователь wwww успешно авторизовался
28.10.2019 13:10:13 : Процедура получения позиций пользователя => Старт 
28.10.2019 13:10:13 : Дешифрование пароля завершено успешно
28.10.2019 13:10:13 : Дешифрование пароля завершено успешно
28.10.2019 13:10:13 : Конвертация позиций => Успешно 
28.10.2019 13:10:13 : Визуализация позиций => Успешно 
28.10.2019 13:10:22 : Инициализация процедуры добавления позиции
28.10.2019 13:10:36 : Ключ успешно получен
28.10.2019 13:10:36 : Шифрование пароля завершено успешно
28.10.2019 13:10:36 : Позиция пользователя успешно сохранена
28.10.2019 13:10:37 : Добавление позиции завершено успешно
28.10.2019 13:10:46 : Инициализация процедуры изменения позиции
28.10.2019 13:10:49 : Ключ успешно получен
28.10.2019 13:10:49 : Шифрование пароля завершено успешно
28.10.2019 13:10:49 : Позиция пользователя успешно изменена
28.10.2019 13:10:50 : Изменение позиции успешно завершено
28.10.2019 13:10:53 : Инициализация процедуры изменения позиции
28.10.2019 13:10:54 : Ключ успешно получен
28.10.2019 13:10:55 : Шифрование пароля завершено успешно
28.10.2019 13:10:55 : Позиция пользователя успешно изменена
28.10.2019 13:10:55 : Изменение позиции успешно завершено
28.10.2019 13:10:57 : Инициализация процедуры изменения позиции
28.10.2019 13:10:59 : Ключ успешно получен
28.10.2019 13:10:59 : Шифрование пароля завершено успешно
28.10.2019 13:10:59 : Позиция пользователя успешно изменена
28.10.2019 13:11:00 : Изменение позиции успешно завершено
28.10.2019 13:11:04 : Инициализация процедуры изменения позиции
28.10.2019 13:11:40 : Процедура изменении позиции отменена
28.10.2019 13:12:42 : Логин wwww успешно найден
28.10.2019 13:12:42 : Хеш-последовательность успешно получена
28.10.2019 13:12:42 : Пользователь wwww успешно авторизовался
28.10.2019 13:12:42 : Процедура получения позиций пользователя => Старт 
28.10.2019 13:12:42 : Дешифрование пароля завершено успешно
28.10.2019 13:12:42 : Дешифрование пароля завершено успешно
28.10.2019 13:12:42 : Дешифрование пароля завершено успешно
28.10.2019 13:12:42 : Конвертация позиций => Успешно 
28.10.2019 13:12:42 : Визуализация позиций => Успешно 
28.10.2019 13:12:45 : Инициализация процедуры изменения позиции
28.10.2019 13:12:54 : Ключ успешно получен
28.10.2019 13:12:54 : Шифрование пароля завершено успешно
28.10.2019 13:12:54 : Позиция пользователя успешно изменена
28.10.2019 13:12:54 : Изменение позиции успешно завершено
28.10.2019 13:13:12 : Логин wwww успешно найден
28.10.2019 13:13:12 : Хеш-последовательность успешно получена
28.10.2019 13:13:12 : Пользователь wwww успешно авторизовался
28.10.2019 13:13:13 : Процедура получения позиций пользователя => Старт 
28.10.2019 13:13:13 : Дешифрование пароля завершено успешно
28.10.2019 13:13:13 : Дешифрование пароля завершено успешно
28.10.2019 13:13:13 : Дешифрование пароля завершено успешно
28.10.2019 13:13:13 : Конвертация позиций => Успешно 
28.10.2019 13:13:13 : Визуализация позиций => Успешно 
28.10.2019 13:13:18 : Инициализация процедуры изменения позиции
28.10.2019 13:13:24 : Ключ успешно получен
28.10.2019 13:13:24 : Шифрование пароля завершено успешно
28.10.2019 13:13:24 : Позиция пользователя успешно изменена
28.10.2019 13:13:24 : Изменение позиции успешно завершено
28.10.2019 13:13:59 : Логин wwww успешно найден
28.10.2019 13:13:59 : Хеш-последовательность успешно получена
28.10.2019 13:13:59 : Пользователь wwww успешно авторизовался
28.10.2019 13:13:59 : Процедура получения позиций пользователя => Старт 
28.10.2019 13:13:59 : Дешифрование пароля завершено успешно
28.10.2019 13:13:59 : Дешифрование пароля завершено успешно
28.10.2019 13:13:59 : Дешифрование пароля завершено успешно
28.10.2019 13:13:59 : Конвертация позиций => Успешно 
28.10.2019 13:13:59 : Визуализация позиций => Успешно 
28.10.2019 13:14:02 : Инициализация процедуры изменения позиции
28.10.2019 13:14:09 : Ключ успешно получен
28.10.2019 13:14:09 : Шифрование пароля завершено успешно
28.10.2019 13:14:09 : Позиция пользователя успешно изменена
28.10.2019 13:14:10 : Изменение позиции успешно завершено
28.10.2019 13:16:02 : Логин wwww успешно найден
28.10.2019 13:16:02 : Хеш-последовательность успешно получена
28.10.2019 13:16:02 : Пользователь wwww успешно авторизовался
28.10.2019 13:16:02 : Процедура получения позиций пользователя => Старт 
28.10.2019 13:16:02 : Дешифрование пароля завершено успешно
28.10.2019 13:16:02 : Дешифрование пароля завершено успешно
28.10.2019 13:16:02 : Дешифрование пароля завершено успешно
28.10.2019 13:16:02 : Конвертация позиций => Успешно 
28.10.2019 13:16:02 : Визуализация позиций => Успешно 
28.10.2019 13:16:18 : Инциализация процедуры выхода из программы
28.10.2019 13:16:19 : Процедура выхода из программы успешно завершена
28.10.2019 13:17:17 : Логин wwww успешно найден
28.10.2019 13:17:17 : Хеш-последовательность успешно получена
28.10.2019 13:17:17 : Пользователь wwww успешно авторизовался
28.10.2019 13:17:17 : Процедура получения позиций пользователя => Старт 
28.10.2019 13:17:17 : Дешифрование пароля завершено успешно
28.10.2019 13:17:17 : Дешифрование пароля завершено успешно
28.10.2019 13:17:17 : Дешифрование пароля завершено успешно
28.10.2019 13:17:17 : Конвертация позиций => Успешно 
28.10.2019 13:17:17 : Визуализация позиций => Успешно 
28.10.2019 13:17:55 : Логин wwww успешно найден
28.10.2019 13:17:55 : Хеш-последовательность успешно получена
28.10.2019 13:17:55 : Пользователь wwww успешно авторизовался
28.10.2019 13:17:55 : Процедура получения позиций пользователя => Старт 
28.10.2019 13:17:55 : Дешифрование пароля завершено успешно
28.10.2019 13:17:55 : Дешифрование пароля завершено успешно
28.10.2019 13:17:55 : Дешифрование пароля завершено успешно
28.10.2019 13:17:55 : Конвертация позиций => Успешно 
28.10.2019 13:17:55 : Визуализация позиций => Успешно 
28.10.2019 13:19:48 : Логин wwww успешно найден
28.10.2019 13:19:48 : Хеш-последовательность успешно получена
28.10.2019 13:19:48 : Пользователь wwww успешно авторизовался
28.10.2019 13:19:48 : Процедура получения позиций пользователя => Старт 
28.10.2019 13:19:48 : Дешифрование пароля завершено успешно
28.10.2019 13:19:48 : Дешифрование пароля завершено успешно
28.10.2019 13:19:48 : Дешифрование пароля завершено успешно
28.10.2019 13:19:48 : Конвертация позиций => Успешно 
28.10.2019 13:19:48 : Визуализация позиций => Успешно 
28.10.2019 13:21:06 : Логин wwww успешно найден
28.10.2019 13:21:06 : Хеш-последовательность успешно получена
28.10.2019 13:21:06 : Пользователь wwww успешно авторизовался
28.10.2019 13:21:06 : Процедура получения позиций пользователя => Старт 
28.10.2019 13:21:06 : Дешифрование пароля завершено успешно
28.10.2019 13:21:06 : Дешифрование пароля завершено успешно
28.10.2019 13:21:06 : Дешифрование пароля завершено успешно
28.10.2019 13:21:06 : Конвертация позиций => Успешно 
28.10.2019 13:21:06 : Визуализация позиций => Успешно 
28.10.2019 13:21:43 : Логин wwww успешно найден
28.10.2019 13:21:43 : Хеш-последовательность успешно получена
28.10.2019 13:21:43 : Пользователь wwww успешно авторизовался
28.10.2019 13:21:43 : Процедура получения позиций пользователя => Старт 
28.10.2019 13:21:43 : Дешифрование пароля завершено успешно
28.10.2019 13:21:43 : Дешифрование пароля завершено успешно
28.10.2019 13:21:43 : Дешифрование пароля завершено успешно
28.10.2019 13:21:43 : Конвертация позиций => Успешно 
28.10.2019 13:21:43 : Визуализация позиций => Успешно 
28.10.2019 13:21:45 : Инициализация процедуры изменения позиции
28.10.2019 13:21:47 : Процедура изменении позиции отменена
28.10.2019 13:22:05 : Логин wwww успешно найден
28.10.2019 13:22:05 : Хеш-последовательность успешно получена
28.10.2019 13:22:05 : Пользователь wwww успешно авторизовался
28.10.2019 13:22:05 : Процедура получения позиций пользователя => Старт 
28.10.2019 13:22:05 : Дешифрование пароля завершено успешно
28.10.2019 13:22:05 : Дешифрование пароля завершено успешно
28.10.2019 13:22:05 : Дешифрование пароля завершено успешно
28.10.2019 13:22:05 : Конвертация позиций => Успешно 
28.10.2019 13:22:05 : Визуализация позиций => Успешно 
28.10.2019 13:24:14 : Логин wwww успешно найден
28.10.2019 13:24:14 : Хеш-последовательность успешно получена
28.10.2019 13:24:14 : Пользователь wwww успешно авторизовался
28.10.2019 13:24:14 : Процедура получения позиций пользователя => Старт 
28.10.2019 13:24:14 : Дешифрование пароля завершено успешно
28.10.2019 13:24:14 : Дешифрование пароля завершено успешно
28.10.2019 13:24:14 : Дешифрование пароля завершено успешно
28.10.2019 13:24:14 : Конвертация позиций => Успешно 
28.10.2019 13:24:14 : Визуализация позиций => Успешно 
28.10.2019 13:24:19 : Инициализация процедуры изменения позиции
28.10.2019 13:24:27 : Ключ успешно получен
28.10.2019 13:24:27 : Шифрование пароля завершено успешно
28.10.2019 13:24:27 : Позиция пользователя успешно изменена
28.10.2019 13:24:28 : Изменение позиции успешно завершено
28.10.2019 13:24:35 : Инициализация процедуры изменения позиции
28.10.2019 13:24:37 : Процедура изменении позиции отменена
28.10.2019 13:25:23 : Логин wwww успешно найден
28.10.2019 13:25:23 : Хеш-последовательность успешно получена
28.10.2019 13:25:23 : Пользователь wwww успешно авторизовался
28.10.2019 13:25:23 : Процедура получения позиций пользователя => Старт 
28.10.2019 13:25:23 : Дешифрование пароля завершено успешно
28.10.2019 13:25:23 : Дешифрование пароля завершено успешно
28.10.2019 13:25:23 : Дешифрование пароля завершено успешно
28.10.2019 13:25:23 : Конвертация позиций => Успешно 
28.10.2019 13:25:23 : Визуализация позиций => Успешно 
28.10.2019 13:25:26 : Просмотр информации о программе
28.10.2019 13:25:30 : Просмотр информации о пользователе
28.10.2019 13:25:47 : Сортировака по паролю выполнена
28.10.2019 13:25:48 : Сортировака по паролю выполнена
28.10.2019 13:25:48 : Сортировака по паролю выполнена
28.10.2019 13:25:49 : Сортировака по паролю выполнена
28.10.2019 13:25:50 : Сортировака по паролю выполнена
28.10.2019 13:25:50 : Сортировака по паролю выполнена
28.10.2019 13:25:51 : Сортировака по описанию выполнена
28.10.2019 13:25:52 : Сортировака по описанию выполнена
28.10.2019 13:25:52 : Сортировака по описанию выполнена
28.10.2019 13:25:53 : Сортировака по описанию выполнена
28.10.2019 13:25:54 : Сортировака по описанию выполнена
28.10.2019 13:25:54 : Сортировака по описанию выполнена
28.10.2019 13:25:55 : Сортировака по описанию выполнена
28.10.2019 13:25:55 : Сортировака по описанию выполнена
28.10.2019 13:25:56 : Сортировака по логину выполнена
28.10.2019 13:25:57 : Сортировака по логину выполнена
28.10.2019 13:25:58 : Сортировака по логину выполнена
28.10.2019 13:25:59 : Сортировака по логину выполнена
28.10.2019 13:26:00 : Сортировака по дате выполнена
28.10.2019 13:26:01 : Сортировака по дате выполнена
28.10.2019 13:26:01 : Сортировака по дате выполнена
28.10.2019 13:26:03 : Сортировака по паролю выполнена
28.10.2019 13:29:46 : Инициализаия процедуры регистарции пользователя
28.10.2019 13:29:49 : Процедура регистрации пользователя отменена
